This file contains any messages produced by compilers while
running configure, to aid debugging if configure makes a mistake.

configure:564: checking for a BSD compatible install
configure:617: checking whether build environment is sane
configure:674: checking whether make sets ${MAKE}
configure:720: checking for working aclocal
configure:733: checking for working autoconf
configure:746: checking for working automake
configure:759: checking for working autoheader
configure:772: checking for working makeinfo
configure:810: checking for gcc
configure:887: checking whether the C compiler (gcc  ) works
configure:901: gcc -o conftest    conftest.c  1>&5
configure:921: checking whether the C compiler (gcc  ) is a cross-compiler
configure:926: checking whether we are using GNU C
configure:935: gcc -E conftest.c
configure:950: checking whether gcc accepts -g
configure:978: checking how to run the C preprocessor
configure:999: gcc -E  conftest.c >/dev/null 2>conftest.out
configure:1049: checking for a BSD compatible install
configure:1100: checking return type of signal handlers
configure:1122: gcc -c -g -O2  conftest.c 1>&5
configure:1143: checking for gethostbyname
configure:1171: gcc -o conftest -g -O2   conftest.c  1>&5
configure:1240: checking for connect
configure:1268: gcc -o conftest -g -O2   conftest.c  1>&5
configure:1368: checking for socket
configure:1396: gcc -o conftest -g -O2   conftest.c  1>&5
configure:1368: checking for strdup
configure:1396: gcc -o conftest -g -O2   conftest.c  1>&5
configure:1368: checking for getopt_long
configure:1396: gcc -o conftest -g -O2   conftest.c  1>&5
configure:1368: checking for gethostbyaddr
configure:1396: gcc -o conftest -g -O2   conftest.c  1>&5
configure:1368: checking for getservbyname
configure:1396: gcc -o conftest -g -O2   conftest.c  1>&5
configure:1368: checking for inet_addr
configure:1396: gcc -o conftest -g -O2   conftest.c  1>&5
configure:1368: checking for inet_ntoa
configure:1396: gcc -o conftest -g -O2   conftest.c  1>&5
configure:1368: checking for snprintf
configure:1396: gcc -o conftest -g -O2   conftest.c  1>&5
configure:1368: checking for vfprintf
configure:1396: gcc -o conftest -g -O2   conftest.c  1>&5
configure:1368: checking for stat
configure:1396: gcc -o conftest -g -O2   conftest.c  1>&5
configure:1368: checking for vsprintf
configure:1396: gcc -o conftest -g -O2   conftest.c  1>&5
configure:1368: checking for vsnprintf
configure:1396: gcc -o conftest -g -O2   conftest.c  1>&5
configure:1368: checking for strerror
configure:1396: gcc -o conftest -g -O2   conftest.c  1>&5
configure:1368: checking for strftime
configure:1396: gcc -o conftest -g -O2   conftest.c  1>&5
configure:1368: checking for wait
configure:1396: gcc -o conftest -g -O2   conftest.c  1>&5
configure:1368: checking for waitpid
configure:1396: gcc -o conftest -g -O2   conftest.c  1>&5
configure:1368: checking for getpid
configure:1396: gcc -o conftest -g -O2   conftest.c  1>&5
configure:1368: checking for fork
configure:1396: gcc -o conftest -g -O2   conftest.c  1>&5
configure:1368: checking for vfork
configure:1396: gcc -o conftest -g -O2   conftest.c  1>&5
configure:1368: checking for getuid
configure:1396: gcc -o conftest -g -O2   conftest.c  1>&5
configure:1368: checking for geteuid
configure:1396: gcc -o conftest -g -O2   conftest.c  1>&5
configure:1368: checking for setuid
configure:1396: gcc -o conftest -g -O2   conftest.c  1>&5
configure:1368: checking for seteuid
configure:1396: gcc -o conftest -g -O2   conftest.c  1>&5
configure:1368: checking for getgid
configure:1396: gcc -o conftest -g -O2   conftest.c  1>&5
configure:1368: checking for getegid
configure:1396: gcc -o conftest -g -O2   conftest.c  1>&5
configure:1368: checking for setgid
configure:1396: gcc -o conftest -g -O2   conftest.c  1>&5
configure:1368: checking for setegid
configure:1396: gcc -o conftest -g -O2   conftest.c  1>&5
configure:1368: checking for inet_aton
configure:1396: gcc -o conftest -g -O2   conftest.c  1>&5
configure:1368: checking for herror
configure:1396: gcc -o conftest -g -O2   conftest.c  1>&5
configure:1438: checking for arpa/inet.h
configure:1448: gcc -E  conftest.c >/dev/null 2>conftest.out
configure:1438: checking for sys/types.h
configure:1448: gcc -E  conftest.c >/dev/null 2>conftest.out
configure:1438: checking for sys/time.h
configure:1448: gcc -E  conftest.c >/dev/null 2>conftest.out
configure:1438: checking for sys/stat.h
configure:1448: gcc -E  conftest.c >/dev/null 2>conftest.out
configure:1438: checking for fcntl.h
configure:1448: gcc -E  conftest.c >/dev/null 2>conftest.out
configure:1438: checking for signal.h
configure:1448: gcc -E  conftest.c >/dev/null 2>conftest.out
configure:1438: checking for syslog.h
configure:1448: gcc -E  conftest.c >/dev/null 2>conftest.out
configure:1438: checking for pwd.h
configure:1448: gcc -E  conftest.c >/dev/null 2>conftest.out
configure:1438: checking for stdarg.h
configure:1448: gcc -E  conftest.c >/dev/null 2>conftest.out
configure:1438: checking for grp.h
configure:1448: gcc -E  conftest.c >/dev/null 2>conftest.out
configure:1438: checking for errno.h
configure:1448: gcc -E  conftest.c >/dev/null 2>conftest.out
configure:1438: checking for sys/sockio.h
configure:1448: gcc -E  conftest.c >/dev/null 2>conftest.out
configure:1444:24: sys/sockio.h: No such file or directory
configure: failed program was:
#line 1443 "configure"
#include "confdefs.h"
#include <sys/sockio.h>
configure:1438: checking for sys/wait.h
configure:1448: gcc -E  conftest.c >/dev/null 2>conftest.out
configure:1438: checking for getopt.h
configure:1448: gcc -E  conftest.c >/dev/null 2>conftest.out
configure:1482: checking for unistd.h
configure:1492: gcc -E  conftest.c >/dev/null 2>conftest.out
configure:1482: checking for netinet/in.h
configure:1492: gcc -E  conftest.c >/dev/null 2>conftest.out
configure:1482: checking for netdb.h
configure:1492: gcc -E  conftest.c >/dev/null 2>conftest.out
configure:1482: checking for sys/socket.h
configure:1492: gcc -E  conftest.c >/dev/null 2>conftest.out
configure:1521: checking for sys_errlist in -lc
configure:1540: gcc -o conftest -g -O2   conftest.c -lc   1>&5
configure:1567: checking for getopt
configure:1595: gcc -o conftest -g -O2   conftest.c  1>&5
configure:1624: checking for getpass
configure:1652: gcc -o conftest -g -O2   conftest.c  1>&5
configure:1684: checking host system type
configure:1710: checking for user supplied default service
configure:1804: checking whether user wants debugging support
configure:1819: checking whether user wants to dissable MD5 support
