This file contains any messages produced by compilers while
running configure, to aid debugging if configure makes a mistake.

It was created by dmalloc configure 5.5.2, which was
generated by GNU Autoconf 2.59.  Invocation command line was

  $ ./configure --host=mips-linux --disable-cxx --enable-threads

## --------- ##
## Platform. ##
## --------- ##

hostname = Zidane
uname -m = i686
uname -r = 2.6.32-44-generic-pae
uname -s = Linux
uname -v = #98-Ubuntu SMP Mon Sep 24 17:47:51 UTC 2012

/usr/bin/uname -p = unknown
/bin/uname -X     = unknown

/bin/arch              = unknown
/usr/bin/arch -k       = unknown
/usr/convex/getsysinfo = unknown
hostinfo               = unknown
/bin/machine           = unknown
/usr/bin/oslevel       = unknown
/bin/universe          = unknown

PATH: /usr/local/sbin
PATH: /usr/local/bin
PATH: /usr/sbin
PATH: /usr/bin
PATH: /sbin
PATH: /bin
PATH: /usr/X11R6/bin


## ----------- ##
## Core tests. ##
## ----------- ##

configure:1324: configurations for the dmalloc library
configure:1356: build utilities
configure:1367: checking for mips-linux-gcc
configure:1393: result: /opt/toolchains/uclibc-crosstools-gcc-4.4.2-1/usr/bin/mips-linux-gcc
configure:1675: checking for C compiler version
configure:1678: /opt/toolchains/uclibc-crosstools-gcc-4.4.2-1/usr/bin/mips-linux-gcc --version </dev/null >&5
mips-linux-gcc (Buildroot 2010.02-git) 4.4.2
Copyright (C) 2009 Free Software Foundation, Inc.
This is free software; see the source for copying conditions.  There is NO
warranty; not even for MERCHANTABILITY or FITNESS FOR A PARTICULAR PURPOSE.

configure:1681: $? = 0
configure:1683: /opt/toolchains/uclibc-crosstools-gcc-4.4.2-1/usr/bin/mips-linux-gcc -v </dev/null >&5
Using built-in specs.
Target: mips-linux-uclibc
Configured with: /shared/myviews/toolchain/buildroot-4.4.2-1/output/toolchain/gcc-4.4.2/configure --prefix=/usr --build=i386-pc-linux-gnu --host=i386-pc-linux-gnu --target=mips-linux-uclibc --enable-languages=c,c++ --with-sysroot=/opt/toolchains/uclibc-crosstools-gcc-4.4.2-1 --with-build-time-tools=/opt/toolchains/uclibc-crosstools-gcc-4.4.2-1/usr/mips-linux-uclibc/bin --disable-__cxa_atexit --enable-target-optspace --with-gnu-ld --disable-libssp --disable-tls --enable-shared --with-gmp=/shared/myviews/toolchain/buildroot-4.4.2-1/output/toolchain/gmp --with-mpfr=/shared/myviews/toolchain/buildroot-4.4.2-1/output/toolchain/mpfr --disable-nls --enable-threads --disable-multilib --disable-decimal-float --with-float=soft --with-abi=32 --with-tune=mips32 --with-arch=mips32 --with-pkgversion='Buildroot 2010.02-git' --with-bugurl=http://bugs.buildroot.net/
Thread model: posix
gcc version 4.4.2 (Buildroot 2010.02-git) 
configure:1686: $? = 0
configure:1688: /opt/toolchains/uclibc-crosstools-gcc-4.4.2-1/usr/bin/mips-linux-gcc -V </dev/null >&5
mips-linux-gcc: '-V' option must have argument
configure:1691: $? = 1
configure:1714: checking for C compiler default output file name
configure:1717: /opt/toolchains/uclibc-crosstools-gcc-4.4.2-1/usr/bin/mips-linux-gcc    conftest.c  >&5
configure:1720: $? = 0
configure:1766: result: a.out
configure:1771: checking whether the C compiler works
configure:1777: ./a.out
./configure: line 1778: ./a.out: cannot execute binary file
configure:1780: $? = 126
configure:1797: result: yes
configure:1804: checking whether we are cross compiling
configure:1806: result: yes
configure:1809: checking for suffix of executables
configure:1811: /opt/toolchains/uclibc-crosstools-gcc-4.4.2-1/usr/bin/mips-linux-gcc -o conftest    conftest.c  >&5
configure:1814: $? = 0
configure:1839: result: 
configure:1845: checking for suffix of object files
configure:1866: /opt/toolchains/uclibc-crosstools-gcc-4.4.2-1/usr/bin/mips-linux-gcc -c   conftest.c >&5
configure:1869: $? = 0
configure:1891: result: o
configure:1895: checking whether we are using the GNU C compiler
configure:1919: /opt/toolchains/uclibc-crosstools-gcc-4.4.2-1/usr/bin/mips-linux-gcc -c   conftest.c >&5
configure:1925: $? = 0
configure:1929: test -z 
			 || test ! -s conftest.err
configure:1932: $? = 0
configure:1935: test -s conftest.o
configure:1938: $? = 0
configure:1951: result: yes
configure:1957: checking whether /opt/toolchains/uclibc-crosstools-gcc-4.4.2-1/usr/bin/mips-linux-gcc accepts -g
configure:1978: /opt/toolchains/uclibc-crosstools-gcc-4.4.2-1/usr/bin/mips-linux-gcc -c -g  conftest.c >&5
configure:1984: $? = 0
configure:1988: test -z 
			 || test ! -s conftest.err
configure:1991: $? = 0
configure:1994: test -s conftest.o
configure:1997: $? = 0
configure:2008: result: yes
configure:2025: checking for /opt/toolchains/uclibc-crosstools-gcc-4.4.2-1/usr/bin/mips-linux-gcc option to accept ANSI C
configure:2095: /opt/toolchains/uclibc-crosstools-gcc-4.4.2-1/usr/bin/mips-linux-gcc  -c   conftest.c >&5
configure:2101: $? = 0
configure:2105: test -z 
			 || test ! -s conftest.err
configure:2108: $? = 0
configure:2111: test -s conftest.o
configure:2114: $? = 0
configure:2132: result: none needed
configure:2150: /opt/toolchains/uclibc-crosstools-gcc-4.4.2-1/usr/bin/mips-linux-gcc -c   conftest.c >&5
conftest.c:2: error: expected '=', ',', ';', 'asm' or '__attribute__' before 'me'
configure:2156: $? = 1
configure: failed program was:
| #ifndef __cplusplus
|   choke me
| #endif
configure:2299: checking for mips-linux-g++
configure:2328: result: no
configure:2299: checking for mips-linux-c++
configure:2328: result: no
configure:2299: checking for mips-linux-gpp
configure:2328: result: no
configure:2299: checking for mips-linux-aCC
configure:2328: result: no
configure:2299: checking for mips-linux-CC
configure:2328: result: no
configure:2299: checking for mips-linux-cxx
configure:2328: result: no
configure:2299: checking for mips-linux-cc++
configure:2328: result: no
configure:2299: checking for mips-linux-cl
configure:2328: result: no
configure:2299: checking for mips-linux-FCC
configure:2328: result: no
configure:2299: checking for mips-linux-KCC
configure:2328: result: no
configure:2299: checking for mips-linux-RCC
configure:2328: result: no
configure:2299: checking for mips-linux-xlC_r
configure:2328: result: no
configure:2299: checking for mips-linux-xlC
configure:2328: result: no
configure:2341: checking for g++
configure:2357: found /usr/bin/g++
configure:2367: result: g++
configure:2383: checking for C++ compiler version
configure:2386: g++ --version </dev/null >&5
g++ (Ubuntu 4.4.3-4ubuntu5.1) 4.4.3
Copyright (C) 2009 Free Software Foundation, Inc.
This is free software; see the source for copying conditions.  There is NO
warranty; not even for MERCHANTABILITY or FITNESS FOR A PARTICULAR PURPOSE.

configure:2389: $? = 0
configure:2391: g++ -v </dev/null >&5
Using built-in specs.
Target: i486-linux-gnu
Configured with: ../src/configure -v --with-pkgversion='Ubuntu 4.4.3-4ubuntu5.1' --with-bugurl=file:///usr/share/doc/gcc-4.4/README.Bugs --enable-languages=c,c++,fortran,objc,obj-c++ --prefix=/usr --enable-shared --enable-multiarch --enable-linker-build-id --with-system-zlib --libexecdir=/usr/lib --without-included-gettext --enable-threads=posix --with-gxx-include-dir=/usr/include/c++/4.4 --program-suffix=-4.4 --enable-nls --enable-clocale=gnu --enable-libstdcxx-debug --enable-plugin --enable-objc-gc --enable-targets=all --disable-werror --with-arch-32=i486 --with-tune=generic --enable-checking=release --build=i486-linux-gnu --host=i486-linux-gnu --target=i486-linux-gnu
Thread model: posix
gcc version 4.4.3 (Ubuntu 4.4.3-4ubuntu5.1) 
configure:2394: $? = 0
configure:2396: g++ -V </dev/null >&5
g++: '-V' option must have argument
configure:2399: $? = 1
configure:2402: checking whether we are using the GNU C++ compiler
configure:2426: g++ -c   conftest.cc >&5
configure:2432: $? = 0
configure:2436: test -z 
			 || test ! -s conftest.err
configure:2439: $? = 0
configure:2442: test -s conftest.o
configure:2445: $? = 0
configure:2458: result: yes
configure:2464: checking whether g++ accepts -g
configure:2485: g++ -c -g  conftest.cc >&5
configure:2491: $? = 0
configure:2495: test -z 
			 || test ! -s conftest.err
configure:2498: $? = 0
configure:2501: test -s conftest.o
configure:2504: $? = 0
configure:2515: result: yes
configure:2557: g++ -c -g -O2  conftest.cc >&5
configure:2563: $? = 0
configure:2567: test -z 
			 || test ! -s conftest.err
configure:2570: $? = 0
configure:2573: test -s conftest.o
configure:2576: $? = 0
configure:2602: g++ -c -g -O2  conftest.cc >&5
conftest.cc: In function 'int main()':
conftest.cc:13: error: 'exit' was not declared in this scope
configure:2608: $? = 1
configure: failed program was:
| /* confdefs.h.  */
| 
| #define PACKAGE_NAME "dmalloc"
| #define PACKAGE_TARNAME "dmalloc"
| #define PACKAGE_VERSION "5.5.2"
| #define PACKAGE_STRING "dmalloc 5.5.2"
| #define PACKAGE_BUGREPORT "http://dmalloc.com/"
| /* end confdefs.h.  */
| 
| int
| main ()
| {
| exit (42);
|   ;
|   return 0;
| }
configure:2557: g++ -c -g -O2  conftest.cc >&5
conftest.cc:9: error: 'void std::exit(int)' should have been declared inside 'std'
configure:2563: $? = 1
configure: failed program was:
| /* confdefs.h.  */
| 
| #define PACKAGE_NAME "dmalloc"
| #define PACKAGE_TARNAME "dmalloc"
| #define PACKAGE_VERSION "5.5.2"
| #define PACKAGE_STRING "dmalloc 5.5.2"
| #define PACKAGE_BUGREPORT "http://dmalloc.com/"
| /* end confdefs.h.  */
| extern "C" void std::exit (int) throw (); using std::exit;
| #include <stdlib.h>
| int
| main ()
| {
| exit (42);
|   ;
|   return 0;
| }
configure:2557: g++ -c -g -O2  conftest.cc >&5
conftest.cc:9: error: 'void std::exit(int)' should have been declared inside 'std'
In file included from conftest.cc:10:
/usr/include/stdlib.h:543: error: declaration of 'void std::exit(int) throw ()' throws different exceptions
conftest.cc:9: error: from previous declaration 'void std::exit(int)'
configure:2563: $? = 1
configure: failed program was:
| /* confdefs.h.  */
| 
| #define PACKAGE_NAME "dmalloc"
| #define PACKAGE_TARNAME "dmalloc"
| #define PACKAGE_VERSION "5.5.2"
| #define PACKAGE_STRING "dmalloc 5.5.2"
| #define PACKAGE_BUGREPORT "http://dmalloc.com/"
| /* end confdefs.h.  */
| extern "C" void std::exit (int); using std::exit;
| #include <stdlib.h>
| int
| main ()
| {
| exit (42);
|   ;
|   return 0;
| }
configure:2557: g++ -c -g -O2  conftest.cc >&5
configure:2563: $? = 0
configure:2567: test -z 
			 || test ! -s conftest.err
configure:2570: $? = 0
configure:2573: test -s conftest.o
configure:2576: $? = 0
configure:2602: g++ -c -g -O2  conftest.cc >&5
configure:2608: $? = 0
configure:2612: test -z 
			 || test ! -s conftest.err
configure:2615: $? = 0
configure:2618: test -s conftest.o
configure:2621: $? = 0
configure:2647: WARNING: could not find C++ compiler 
configure:2699: checking for a BSD-compatible install
configure:2754: result: /usr/bin/install -c
configure:2768: checking for mips-linux-ranlib
configure:2797: result: no
configure:2806: checking for ranlib
configure:2822: found /usr/bin/ranlib
configure:2833: result: ranlib
configure:2846: checking for an ANSI C-conforming const
configure:2913: /opt/toolchains/uclibc-crosstools-gcc-4.4.2-1/usr/bin/mips-linux-gcc -c   conftest.c >&5
configure:2919: $? = 0
configure:2923: test -z 
			 || test ! -s conftest.err
configure:2926: $? = 0
configure:2929: test -s conftest.o
configure:2932: $? = 0
configure:2943: result: yes
configure:2960: checking how to run the C preprocessor
configure:3078: result: /opt/toolchains/uclibc-crosstools-gcc-4.4.2-1/usr/bin/mips-linux-gcc -E
configure:3102: /opt/toolchains/uclibc-crosstools-gcc-4.4.2-1/usr/bin/mips-linux-gcc -E  conftest.c
configure:3108: $? = 0
configure:3140: /opt/toolchains/uclibc-crosstools-gcc-4.4.2-1/usr/bin/mips-linux-gcc -E  conftest.c
conftest.c:12:28: error: ac_nonexistent.h: No such file or directory
configure:3146: $? = 1
configure: failed program was:
| /* confdefs.h.  */
| 
| #define PACKAGE_NAME "dmalloc"
| #define PACKAGE_TARNAME "dmalloc"
| #define PACKAGE_VERSION "5.5.2"
| #define PACKAGE_STRING "dmalloc 5.5.2"
| #define PACKAGE_BUGREPORT "http://dmalloc.com/"
| #ifdef __cplusplus
| extern "C" void exit (int) throw ();
| #endif
| /* end confdefs.h.  */
| #include <ac_nonexistent.h>
configure:3190: checking for egrep
configure:3200: result: grep -E
configure:3205: checking for ANSI C header files
configure:3230: /opt/toolchains/uclibc-crosstools-gcc-4.4.2-1/usr/bin/mips-linux-gcc -c   conftest.c >&5
configure:3236: $? = 0
configure:3240: test -z 
			 || test ! -s conftest.err
configure:3243: $? = 0
configure:3246: test -s conftest.o
configure:3249: $? = 0
configure:3361: result: yes
configure:3385: checking for sys/types.h
configure:3401: /opt/toolchains/uclibc-crosstools-gcc-4.4.2-1/usr/bin/mips-linux-gcc -c   conftest.c >&5
configure:3407: $? = 0
configure:3411: test -z 
			 || test ! -s conftest.err
configure:3414: $? = 0
configure:3417: test -s conftest.o
configure:3420: $? = 0
configure:3431: result: yes
configure:3385: checking for sys/stat.h
configure:3401: /opt/toolchains/uclibc-crosstools-gcc-4.4.2-1/usr/bin/mips-linux-gcc -c   conftest.c >&5
configure:3407: $? = 0
configure:3411: test -z 
			 || test ! -s conftest.err
configure:3414: $? = 0
configure:3417: test -s conftest.o
configure:3420: $? = 0
configure:3431: result: yes
configure:3385: checking for stdlib.h
configure:3401: /opt/toolchains/uclibc-crosstools-gcc-4.4.2-1/usr/bin/mips-linux-gcc -c   conftest.c >&5
configure:3407: $? = 0
configure:3411: test -z 
			 || test ! -s conftest.err
configure:3414: $? = 0
configure:3417: test -s conftest.o
configure:3420: $? = 0
configure:3431: result: yes
configure:3385: checking for string.h
configure:3401: /opt/toolchains/uclibc-crosstools-gcc-4.4.2-1/usr/bin/mips-linux-gcc -c   conftest.c >&5
configure:3407: $? = 0
configure:3411: test -z 
			 || test ! -s conftest.err
configure:3414: $? = 0
configure:3417: test -s conftest.o
configure:3420: $? = 0
configure:3431: result: yes
configure:3385: checking for memory.h
configure:3401: /opt/toolchains/uclibc-crosstools-gcc-4.4.2-1/usr/bin/mips-linux-gcc -c   conftest.c >&5
configure:3407: $? = 0
configure:3411: test -z 
			 || test ! -s conftest.err
configure:3414: $? = 0
configure:3417: test -s conftest.o
configure:3420: $? = 0
configure:3431: result: yes
configure:3385: checking for strings.h
configure:3401: /opt/toolchains/uclibc-crosstools-gcc-4.4.2-1/usr/bin/mips-linux-gcc -c   conftest.c >&5
configure:3407: $? = 0
configure:3411: test -z 
			 || test ! -s conftest.err
configure:3414: $? = 0
configure:3417: test -s conftest.o
configure:3420: $? = 0
configure:3431: result: yes
configure:3385: checking for inttypes.h
configure:3401: /opt/toolchains/uclibc-crosstools-gcc-4.4.2-1/usr/bin/mips-linux-gcc -c   conftest.c >&5
configure:3407: $? = 0
configure:3411: test -z 
			 || test ! -s conftest.err
configure:3414: $? = 0
configure:3417: test -s conftest.o
configure:3420: $? = 0
configure:3431: result: yes
configure:3385: checking for stdint.h
configure:3401: /opt/toolchains/uclibc-crosstools-gcc-4.4.2-1/usr/bin/mips-linux-gcc -c   conftest.c >&5
configure:3407: $? = 0
configure:3411: test -z 
			 || test ! -s conftest.err
configure:3414: $? = 0
configure:3417: test -s conftest.o
configure:3420: $? = 0
configure:3431: result: yes
configure:3385: checking for unistd.h
configure:3401: /opt/toolchains/uclibc-crosstools-gcc-4.4.2-1/usr/bin/mips-linux-gcc -c   conftest.c >&5
configure:3407: $? = 0
configure:3411: test -z 
			 || test ! -s conftest.err
configure:3414: $? = 0
configure:3417: test -s conftest.o
configure:3420: $? = 0
configure:3431: result: yes
configure:3453: checking stdarg.h usability
configure:3465: /opt/toolchains/uclibc-crosstools-gcc-4.4.2-1/usr/bin/mips-linux-gcc -c   conftest.c >&5
configure:3471: $? = 0
configure:3475: test -z 
			 || test ! -s conftest.err
configure:3478: $? = 0
configure:3481: test -s conftest.o
configure:3484: $? = 0
configure:3494: result: yes
configure:3498: checking stdarg.h presence
configure:3508: /opt/toolchains/uclibc-crosstools-gcc-4.4.2-1/usr/bin/mips-linux-gcc -E  conftest.c
configure:3514: $? = 0
configure:3534: result: yes
configure:3569: checking for stdarg.h
configure:3576: result: yes
configure:3596: checking for stdlib.h
configure:3601: result: yes
configure:3748: checking for string.h
configure:3753: result: yes
configure:3900: checking for unistd.h
configure:3905: result: yes
configure:4052: checking for sys/types.h
configure:4057: result: yes
configure:4213: checking sys/mman.h usability
configure:4225: /opt/toolchains/uclibc-crosstools-gcc-4.4.2-1/usr/bin/mips-linux-gcc -c   conftest.c >&5
configure:4231: $? = 0
configure:4235: test -z 
			 || test ! -s conftest.err
configure:4238: $? = 0
configure:4241: test -s conftest.o
configure:4244: $? = 0
configure:4254: result: yes
configure:4258: checking sys/mman.h presence
configure:4268: /opt/toolchains/uclibc-crosstools-gcc-4.4.2-1/usr/bin/mips-linux-gcc -E  conftest.c
configure:4274: $? = 0
configure:4294: result: yes
configure:4329: checking for sys/mman.h
configure:4336: result: yes
configure:4392: checking shared library link args
configure:4398: /opt/toolchains/uclibc-crosstools-gcc-4.4.2-1/usr/bin/mips-linux-gcc -c   conftest.c >&5
configure:4404: $? = 0
configure:4408: test -z 
			 || test ! -s conftest.err
configure:4411: $? = 0
configure:4414: test -s conftest.o
configure:4417: $? = 0
ld: conftest.a(conftest.o): Relocations in generic ELF (EM: 8)
conftest.a(conftest.o): could not read symbols: File in wrong format
ld: unrecognized option '-all'
ld: use the --help option for usage information
configure:4475: result: ld -G -o $@.t
configure:4481: checking shared library extension
configure:4491: result: so
configure:4497: checking C++ support
configure:4509: result: disabled
configure:4513: checking thread support
configure:4519: result: enabled
configure:4530: checking shlib support
configure:4542: result: disabled
configure:4550: checking for size_t
configure:4574: /opt/toolchains/uclibc-crosstools-gcc-4.4.2-1/usr/bin/mips-linux-gcc -c   conftest.c >&5
configure:4580: $? = 0
configure:4584: test -z 
			 || test ! -s conftest.err
configure:4587: $? = 0
configure:4590: test -s conftest.o
configure:4593: $? = 0
configure:4604: result: yes
configure:4631: checking dmalloc size unsigned
configure:4637: result: no
configure:4691: checking strdup macro
configure:4713: /opt/toolchains/uclibc-crosstools-gcc-4.4.2-1/usr/bin/mips-linux-gcc -c   conftest.c >&5
conftest.c:36: error: expected '=', ',', ';', 'asm' or '__attribute__' before 'me'
configure:4716: $? = 1
configure:4763: result: no
configure:4773: checking for mprotect
configure:4830: /opt/toolchains/uclibc-crosstools-gcc-4.4.2-1/usr/bin/mips-linux-gcc -o conftest    conftest.c  >&5
configure:4836: $? = 0
configure:4840: test -z 
			 || test ! -s conftest.err
configure:4843: $? = 0
configure:4846: test -s conftest
configure:4849: $? = 0
configure:4861: result: yes
configure:4871: checking mprotect works
configure:4899: /opt/toolchains/uclibc-crosstools-gcc-4.4.2-1/usr/bin/mips-linux-gcc -o conftest    conftest.c  >&5
configure:4905: $? = 0
configure:4909: test -z 
			 || test ! -s conftest.err
configure:4912: $? = 0
configure:4915: test -s conftest
configure:4918: $? = 0
configure:4923: result: yes
configure:4940: important functionality
configure:4947: checking for mmap
configure:5004: /opt/toolchains/uclibc-crosstools-gcc-4.4.2-1/usr/bin/mips-linux-gcc -o conftest    conftest.c  >&5
configure:5010: $? = 0
configure:5014: test -z 
			 || test ! -s conftest.err
configure:5017: $? = 0
configure:5020: test -s conftest
configure:5023: $? = 0
configure:5035: result: yes
configure:5049: checking for sbrk
configure:5106: /opt/toolchains/uclibc-crosstools-gcc-4.4.2-1/usr/bin/mips-linux-gcc -o conftest    conftest.c  >&5
configure:5112: $? = 0
configure:5116: test -z 
			 || test ! -s conftest.err
configure:5119: $? = 0
configure:5122: test -s conftest
configure:5125: $? = 0
configure:5137: result: yes
configure:5157: checking mmap usage
configure:5225: result: no
configure:5235: checking for getpagesize
configure:5292: /opt/toolchains/uclibc-crosstools-gcc-4.4.2-1/usr/bin/mips-linux-gcc -o conftest    conftest.c  >&5
configure:5298: $? = 0
configure:5302: test -z 
			 || test ! -s conftest.err
configure:5305: $? = 0
configure:5308: test -s conftest
configure:5311: $? = 0
configure:5323: result: yes
configure:5333: checking basic-block size
configure:5471: result: 12
configure:5477: checking for long
configure:5501: /opt/toolchains/uclibc-crosstools-gcc-4.4.2-1/usr/bin/mips-linux-gcc -c   conftest.c >&5
configure:5507: $? = 0
configure:5511: test -z 
			 || test ! -s conftest.err
configure:5514: $? = 0
configure:5517: test -s conftest.o
configure:5520: $? = 0
configure:5531: result: yes
configure:5534: checking size of long
configure:5564: /opt/toolchains/uclibc-crosstools-gcc-4.4.2-1/usr/bin/mips-linux-gcc -c   conftest.c >&5
configure:5570: $? = 0
configure:5574: test -z 
			 || test ! -s conftest.err
configure:5577: $? = 0
configure:5580: test -s conftest.o
configure:5583: $? = 0
configure:5605: /opt/toolchains/uclibc-crosstools-gcc-4.4.2-1/usr/bin/mips-linux-gcc -c   conftest.c >&5
conftest.c: In function 'main':
conftest.c:74: error: size of array 'test_array' is negative
configure:5611: $? = 1
configure: failed program was:
| /* confdefs.h.  */
| 
| #define PACKAGE_NAME "dmalloc"
| #define PACKAGE_TARNAME "dmalloc"
| #define PACKAGE_VERSION "5.5.2"
| #define PACKAGE_STRING "dmalloc 5.5.2"
| #define PACKAGE_BUGREPORT "http://dmalloc.com/"
| #ifdef __cplusplus
| extern "C" void exit (int) throw ();
| #endif
| #define STDC_HEADERS 1
| #define HAVE_SYS_TYPES_H 1
| #define HAVE_SYS_STAT_H 1
| #define HAVE_STDLIB_H 1
| #define HAVE_STRING_H 1
| #define HAVE_MEMORY_H 1
| #define HAVE_STRINGS_H 1
| #define HAVE_INTTYPES_H 1
| #define HAVE_STDINT_H 1
| #define HAVE_UNISTD_H 1
| #define HAVE_STDARG_H 1
| #define HAVE_STDLIB_H 1
| #define HAVE_STRING_H 1
| #define HAVE_UNISTD_H 1
| #define HAVE_SYS_TYPES_H 1
| #define HAVE_SYS_MMAN_H 1
| #define DMALLOC_SIZE size_t
| #define DMALLOC_SIZE_UNSIGNED 0
| #define HAVE_MPROTECT 1
| #define PROTECT_ALLOWED 1
| #define HAVE_MMAP 1
| #define HAVE_SBRK 1
| #define USE_MMAP 0
| #define HAVE_GETPAGESIZE 1
| #define BASIC_BLOCK 12
| /* end confdefs.h.  */
| #include <stdio.h>
| #if HAVE_SYS_TYPES_H
| # include <sys/types.h>
| #endif
| #if HAVE_SYS_STAT_H
| # include <sys/stat.h>
| #endif
| #if STDC_HEADERS
| # include <stdlib.h>
| # include <stddef.h>
| #else
| # if HAVE_STDLIB_H
| #  include <stdlib.h>
| # endif
| #endif
| #if HAVE_STRING_H
| # if !STDC_HEADERS && HAVE_MEMORY_H
| #  include <memory.h>
| # endif
| # include <string.h>
| #endif
| #if HAVE_STRINGS_H
| # include <strings.h>
| #endif
| #if HAVE_INTTYPES_H
| # include <inttypes.h>
| #else
| # if HAVE_STDINT_H
| #  include <stdint.h>
| # endif
| #endif
| #if HAVE_UNISTD_H
| # include <unistd.h>
| #endif
| int
| main ()
| {
| static int test_array [1 - 2 * !(((long) (sizeof (long))) <= 0)];
| test_array [0] = 0
| 
|   ;
|   return 0;
| }
configure:5605: /opt/toolchains/uclibc-crosstools-gcc-4.4.2-1/usr/bin/mips-linux-gcc -c   conftest.c >&5
conftest.c: In function 'main':
conftest.c:74: error: size of array 'test_array' is negative
configure:5611: $? = 1
configure: failed program was:
| /* confdefs.h.  */
| 
| #define PACKAGE_NAME "dmalloc"
| #define PACKAGE_TARNAME "dmalloc"
| #define PACKAGE_VERSION "5.5.2"
| #define PACKAGE_STRING "dmalloc 5.5.2"
| #define PACKAGE_BUGREPORT "http://dmalloc.com/"
| #ifdef __cplusplus
| extern "C" void exit (int) throw ();
| #endif
| #define STDC_HEADERS 1
| #define HAVE_SYS_TYPES_H 1
| #define HAVE_SYS_STAT_H 1
| #define HAVE_STDLIB_H 1
| #define HAVE_STRING_H 1
| #define HAVE_MEMORY_H 1
| #define HAVE_STRINGS_H 1
| #define HAVE_INTTYPES_H 1
| #define HAVE_STDINT_H 1
| #define HAVE_UNISTD_H 1
| #define HAVE_STDARG_H 1
| #define HAVE_STDLIB_H 1
| #define HAVE_STRING_H 1
| #define HAVE_UNISTD_H 1
| #define HAVE_SYS_TYPES_H 1
| #define HAVE_SYS_MMAN_H 1
| #define DMALLOC_SIZE size_t
| #define DMALLOC_SIZE_UNSIGNED 0
| #define HAVE_MPROTECT 1
| #define PROTECT_ALLOWED 1
| #define HAVE_MMAP 1
| #define HAVE_SBRK 1
| #define USE_MMAP 0
| #define HAVE_GETPAGESIZE 1
| #define BASIC_BLOCK 12
| /* end confdefs.h.  */
| #include <stdio.h>
| #if HAVE_SYS_TYPES_H
| # include <sys/types.h>
| #endif
| #if HAVE_SYS_STAT_H
| # include <sys/stat.h>
| #endif
| #if STDC_HEADERS
| # include <stdlib.h>
| # include <stddef.h>
| #else
| # if HAVE_STDLIB_H
| #  include <stdlib.h>
| # endif
| #endif
| #if HAVE_STRING_H
| # if !STDC_HEADERS && HAVE_MEMORY_H
| #  include <memory.h>
| # endif
| # include <string.h>
| #endif
| #if HAVE_STRINGS_H
| # include <strings.h>
| #endif
| #if HAVE_INTTYPES_H
| # include <inttypes.h>
| #else
| # if HAVE_STDINT_H
| #  include <stdint.h>
| # endif
| #endif
| #if HAVE_UNISTD_H
| # include <unistd.h>
| #endif
| int
| main ()
| {
| static int test_array [1 - 2 * !(((long) (sizeof (long))) <= 1)];
| test_array [0] = 0
| 
|   ;
|   return 0;
| }
configure:5605: /opt/toolchains/uclibc-crosstools-gcc-4.4.2-1/usr/bin/mips-linux-gcc -c   conftest.c >&5
conftest.c: In function 'main':
conftest.c:74: error: size of array 'test_array' is negative
configure:5611: $? = 1
configure: failed program was:
| /* confdefs.h.  */
| 
| #define PACKAGE_NAME "dmalloc"
| #define PACKAGE_TARNAME "dmalloc"
| #define PACKAGE_VERSION "5.5.2"
| #define PACKAGE_STRING "dmalloc 5.5.2"
| #define PACKAGE_BUGREPORT "http://dmalloc.com/"
| #ifdef __cplusplus
| extern "C" void exit (int) throw ();
| #endif
| #define STDC_HEADERS 1
| #define HAVE_SYS_TYPES_H 1
| #define HAVE_SYS_STAT_H 1
| #define HAVE_STDLIB_H 1
| #define HAVE_STRING_H 1
| #define HAVE_MEMORY_H 1
| #define HAVE_STRINGS_H 1
| #define HAVE_INTTYPES_H 1
| #define HAVE_STDINT_H 1
| #define HAVE_UNISTD_H 1
| #define HAVE_STDARG_H 1
| #define HAVE_STDLIB_H 1
| #define HAVE_STRING_H 1
| #define HAVE_UNISTD_H 1
| #define HAVE_SYS_TYPES_H 1
| #define HAVE_SYS_MMAN_H 1
| #define DMALLOC_SIZE size_t
| #define DMALLOC_SIZE_UNSIGNED 0
| #define HAVE_MPROTECT 1
| #define PROTECT_ALLOWED 1
| #define HAVE_MMAP 1
| #define HAVE_SBRK 1
| #define USE_MMAP 0
| #define HAVE_GETPAGESIZE 1
| #define BASIC_BLOCK 12
| /* end confdefs.h.  */
| #include <stdio.h>
| #if HAVE_SYS_TYPES_H
| # include <sys/types.h>
| #endif
| #if HAVE_SYS_STAT_H
| # include <sys/stat.h>
| #endif
| #if STDC_HEADERS
| # include <stdlib.h>
| # include <stddef.h>
| #else
| # if HAVE_STDLIB_H
| #  include <stdlib.h>
| # endif
| #endif
| #if HAVE_STRING_H
| # if !STDC_HEADERS && HAVE_MEMORY_H
| #  include <memory.h>
| # endif
| # include <string.h>
| #endif
| #if HAVE_STRINGS_H
| # include <strings.h>
| #endif
| #if HAVE_INTTYPES_H
| # include <inttypes.h>
| #else
| # if HAVE_STDINT_H
| #  include <stdint.h>
| # endif
| #endif
| #if HAVE_UNISTD_H
| # include <unistd.h>
| #endif
| int
| main ()
| {
| static int test_array [1 - 2 * !(((long) (sizeof (long))) <= 3)];
| test_array [0] = 0
| 
|   ;
|   return 0;
| }
configure:5605: /opt/toolchains/uclibc-crosstools-gcc-4.4.2-1/usr/bin/mips-linux-gcc -c   conftest.c >&5
configure:5611: $? = 0
configure:5615: test -z 
			 || test ! -s conftest.err
configure:5618: $? = 0
configure:5621: test -s conftest.o
configure:5624: $? = 0
configure:5768: /opt/toolchains/uclibc-crosstools-gcc-4.4.2-1/usr/bin/mips-linux-gcc -c   conftest.c >&5
configure:5774: $? = 0
configure:5778: test -z 
			 || test ! -s conftest.err
configure:5781: $? = 0
configure:5784: test -s conftest.o
configure:5787: $? = 0
configure:5768: /opt/toolchains/uclibc-crosstools-gcc-4.4.2-1/usr/bin/mips-linux-gcc -c   conftest.c >&5
configure:5774: $? = 0
configure:5778: test -z 
			 || test ! -s conftest.err
configure:5781: $? = 0
configure:5784: test -s conftest.o
configure:5787: $? = 0
configure:5884: result: 4
configure:5891: checking data-alignment size
configure:5903: result: 8
configure:5913: checking for abort
configure:5970: /opt/toolchains/uclibc-crosstools-gcc-4.4.2-1/usr/bin/mips-linux-gcc -o conftest    conftest.c  >&5
conftest.c:63: warning: conflicting types for built-in function 'abort'
configure:5976: $? = 0
configure:5980: test -z 
			 || test ! -s conftest.err
configure:5983: $? = 0
configure:5986: test -s conftest
configure:5989: $? = 0
configure:6001: result: yes
configure:6011: checking abort safe
configure:6017: result: no
configure:6089: checking return type of signal handlers
configure:6120: /opt/toolchains/uclibc-crosstools-gcc-4.4.2-1/usr/bin/mips-linux-gcc -c   conftest.c >&5
configure:6126: $? = 0
configure:6130: test -z 
			 || test ! -s conftest.err
configure:6133: $? = 0
configure:6136: test -s conftest.o
configure:6139: $? = 0
configure:6150: result: void
configure:6158: checking signal works
configure:6170: checking signal.h usability
configure:6182: /opt/toolchains/uclibc-crosstools-gcc-4.4.2-1/usr/bin/mips-linux-gcc -c   conftest.c >&5
configure:6188: $? = 0
configure:6192: test -z 
			 || test ! -s conftest.err
configure:6195: $? = 0
configure:6198: test -s conftest.o
configure:6201: $? = 0
configure:6211: result: yes
configure:6215: checking signal.h presence
configure:6225: /opt/toolchains/uclibc-crosstools-gcc-4.4.2-1/usr/bin/mips-linux-gcc -E  conftest.c
configure:6231: $? = 0
configure:6251: result: yes
configure:6286: checking for signal.h
configure:6293: result: yes
configure:6336: /opt/toolchains/uclibc-crosstools-gcc-4.4.2-1/usr/bin/mips-linux-gcc -o conftest    conftest.c  >&5
configure:6342: $? = 0
configure:6346: test -z 
			 || test ! -s conftest.err
configure:6349: $? = 0
configure:6352: test -s conftest
configure:6355: $? = 0
configure:6360: result: yes
configure:6383: checking for getenv
configure:6440: /opt/toolchains/uclibc-crosstools-gcc-4.4.2-1/usr/bin/mips-linux-gcc -o conftest    conftest.c  >&5
configure:6446: $? = 0
configure:6450: test -z 
			 || test ! -s conftest.err
configure:6453: $? = 0
configure:6456: test -s conftest
configure:6459: $? = 0
configure:6471: result: yes
configure:6481: checking getenv safe
configure:6488: result: yes
configure:6574: checking sys/cygwin.h usability
configure:6586: /opt/toolchains/uclibc-crosstools-gcc-4.4.2-1/usr/bin/mips-linux-gcc -c   conftest.c >&5
conftest.c:80:24: error: sys/cygwin.h: No such file or directory
configure:6592: $? = 1
configure: failed program was:
| /* confdefs.h.  */
| 
| #define PACKAGE_NAME "dmalloc"
| #define PACKAGE_TARNAME "dmalloc"
| #define PACKAGE_VERSION "5.5.2"
| #define PACKAGE_STRING "dmalloc 5.5.2"
| #define PACKAGE_BUGREPORT "http://dmalloc.com/"
| #ifdef __cplusplus
| extern "C" void exit (int) throw ();
| #endif
| #define STDC_HEADERS 1
| #define HAVE_SYS_TYPES_H 1
| #define HAVE_SYS_STAT_H 1
| #define HAVE_STDLIB_H 1
| #define HAVE_STRING_H 1
| #define HAVE_MEMORY_H 1
| #define HAVE_STRINGS_H 1
| #define HAVE_INTTYPES_H 1
| #define HAVE_STDINT_H 1
| #define HAVE_UNISTD_H 1
| #define HAVE_STDARG_H 1
| #define HAVE_STDLIB_H 1
| #define HAVE_STRING_H 1
| #define HAVE_UNISTD_H 1
| #define HAVE_SYS_TYPES_H 1
| #define HAVE_SYS_MMAN_H 1
| #define DMALLOC_SIZE size_t
| #define DMALLOC_SIZE_UNSIGNED 0
| #define HAVE_MPROTECT 1
| #define PROTECT_ALLOWED 1
| #define HAVE_MMAP 1
| #define HAVE_SBRK 1
| #define USE_MMAP 0
| #define HAVE_GETPAGESIZE 1
| #define BASIC_BLOCK 12
| #define SIZEOF_LONG 4
| #define ALLOCATION_ALIGNMENT 8
| #define HAVE_ABORT 1
| #define ABORT_OKAY 0
| #define RETSIGTYPE void
| #define HAVE_SIGNAL_H 1
| #define SIGNAL_OKAY 1
| #define HAVE_GETENV 1
| #define GETENV_SAFE 1
| /* end confdefs.h.  */
| #include <stdio.h>
| #if HAVE_SYS_TYPES_H
| # include <sys/types.h>
| #endif
| #if HAVE_SYS_STAT_H
| # include <sys/stat.h>
| #endif
| #if STDC_HEADERS
| # include <stdlib.h>
| # include <stddef.h>
| #else
| # if HAVE_STDLIB_H
| #  include <stdlib.h>
| # endif
| #endif
| #if HAVE_STRING_H
| # if !STDC_HEADERS && HAVE_MEMORY_H
| #  include <memory.h>
| # endif
| # include <string.h>
| #endif
| #if HAVE_STRINGS_H
| # include <strings.h>
| #endif
| #if HAVE_INTTYPES_H
| # include <inttypes.h>
| #else
| # if HAVE_STDINT_H
| #  include <stdint.h>
| # endif
| #endif
| #if HAVE_UNISTD_H
| # include <unistd.h>
| #endif
| #include <sys/cygwin.h>
configure:6615: result: no
configure:6619: checking sys/cygwin.h presence
configure:6629: /opt/toolchains/uclibc-crosstools-gcc-4.4.2-1/usr/bin/mips-linux-gcc -E  conftest.c
conftest.c:46:24: error: sys/cygwin.h: No such file or directory
configure:6635: $? = 1
configure: failed program was:
| /* confdefs.h.  */
| 
| #define PACKAGE_NAME "dmalloc"
| #define PACKAGE_TARNAME "dmalloc"
| #define PACKAGE_VERSION "5.5.2"
| #define PACKAGE_STRING "dmalloc 5.5.2"
| #define PACKAGE_BUGREPORT "http://dmalloc.com/"
| #ifdef __cplusplus
| extern "C" void exit (int) throw ();
| #endif
| #define STDC_HEADERS 1
| #define HAVE_SYS_TYPES_H 1
| #define HAVE_SYS_STAT_H 1
| #define HAVE_STDLIB_H 1
| #define HAVE_STRING_H 1
| #define HAVE_MEMORY_H 1
| #define HAVE_STRINGS_H 1
| #define HAVE_INTTYPES_H 1
| #define HAVE_STDINT_H 1
| #define HAVE_UNISTD_H 1
| #define HAVE_STDARG_H 1
| #define HAVE_STDLIB_H 1
| #define HAVE_STRING_H 1
| #define HAVE_UNISTD_H 1
| #define HAVE_SYS_TYPES_H 1
| #define HAVE_SYS_MMAN_H 1
| #define DMALLOC_SIZE size_t
| #define DMALLOC_SIZE_UNSIGNED 0
| #define HAVE_MPROTECT 1
| #define PROTECT_ALLOWED 1
| #define HAVE_MMAP 1
| #define HAVE_SBRK 1
| #define USE_MMAP 0
| #define HAVE_GETPAGESIZE 1
| #define BASIC_BLOCK 12
| #define SIZEOF_LONG 4
| #define ALLOCATION_ALIGNMENT 8
| #define HAVE_ABORT 1
| #define ABORT_OKAY 0
| #define RETSIGTYPE void
| #define HAVE_SIGNAL_H 1
| #define SIGNAL_OKAY 1
| #define HAVE_GETENV 1
| #define GETENV_SAFE 1
| /* end confdefs.h.  */
| #include <sys/cygwin.h>
configure:6655: result: no
configure:6690: checking for sys/cygwin.h
configure:6697: result: no
configure:6726: checking w32api/windef.h usability
configure:6738: /opt/toolchains/uclibc-crosstools-gcc-4.4.2-1/usr/bin/mips-linux-gcc -c   conftest.c >&5
conftest.c:81:27: error: w32api/windef.h: No such file or directory
configure:6744: $? = 1
configure: failed program was:
| /* confdefs.h.  */
| 
| #define PACKAGE_NAME "dmalloc"
| #define PACKAGE_TARNAME "dmalloc"
| #define PACKAGE_VERSION "5.5.2"
| #define PACKAGE_STRING "dmalloc 5.5.2"
| #define PACKAGE_BUGREPORT "http://dmalloc.com/"
| #ifdef __cplusplus
| extern "C" void exit (int) throw ();
| #endif
| #define STDC_HEADERS 1
| #define HAVE_SYS_TYPES_H 1
| #define HAVE_SYS_STAT_H 1
| #define HAVE_STDLIB_H 1
| #define HAVE_STRING_H 1
| #define HAVE_MEMORY_H 1
| #define HAVE_STRINGS_H 1
| #define HAVE_INTTYPES_H 1
| #define HAVE_STDINT_H 1
| #define HAVE_UNISTD_H 1
| #define HAVE_STDARG_H 1
| #define HAVE_STDLIB_H 1
| #define HAVE_STRING_H 1
| #define HAVE_UNISTD_H 1
| #define HAVE_SYS_TYPES_H 1
| #define HAVE_SYS_MMAN_H 1
| #define DMALLOC_SIZE size_t
| #define DMALLOC_SIZE_UNSIGNED 0
| #define HAVE_MPROTECT 1
| #define PROTECT_ALLOWED 1
| #define HAVE_MMAP 1
| #define HAVE_SBRK 1
| #define USE_MMAP 0
| #define HAVE_GETPAGESIZE 1
| #define BASIC_BLOCK 12
| #define SIZEOF_LONG 4
| #define ALLOCATION_ALIGNMENT 8
| #define HAVE_ABORT 1
| #define ABORT_OKAY 0
| #define RETSIGTYPE void
| #define HAVE_SIGNAL_H 1
| #define SIGNAL_OKAY 1
| #define HAVE_GETENV 1
| #define GETENV_SAFE 1
| #define HAVE_SYS_CYGWIN_H 0
| /* end confdefs.h.  */
| #include <stdio.h>
| #if HAVE_SYS_TYPES_H
| # include <sys/types.h>
| #endif
| #if HAVE_SYS_STAT_H
| # include <sys/stat.h>
| #endif
| #if STDC_HEADERS
| # include <stdlib.h>
| # include <stddef.h>
| #else
| # if HAVE_STDLIB_H
| #  include <stdlib.h>
| # endif
| #endif
| #if HAVE_STRING_H
| # if !STDC_HEADERS && HAVE_MEMORY_H
| #  include <memory.h>
| # endif
| # include <string.h>
| #endif
| #if HAVE_STRINGS_H
| # include <strings.h>
| #endif
| #if HAVE_INTTYPES_H
| # include <inttypes.h>
| #else
| # if HAVE_STDINT_H
| #  include <stdint.h>
| # endif
| #endif
| #if HAVE_UNISTD_H
| # include <unistd.h>
| #endif
| #include <w32api/windef.h>
configure:6767: result: no
configure:6771: checking w32api/windef.h presence
configure:6781: /opt/toolchains/uclibc-crosstools-gcc-4.4.2-1/usr/bin/mips-linux-gcc -E  conftest.c
conftest.c:47:27: error: w32api/windef.h: No such file or directory
configure:6787: $? = 1
configure: failed program was:
| /* confdefs.h.  */
| 
| #define PACKAGE_NAME "dmalloc"
| #define PACKAGE_TARNAME "dmalloc"
| #define PACKAGE_VERSION "5.5.2"
| #define PACKAGE_STRING "dmalloc 5.5.2"
| #define PACKAGE_BUGREPORT "http://dmalloc.com/"
| #ifdef __cplusplus
| extern "C" void exit (int) throw ();
| #endif
| #define STDC_HEADERS 1
| #define HAVE_SYS_TYPES_H 1
| #define HAVE_SYS_STAT_H 1
| #define HAVE_STDLIB_H 1
| #define HAVE_STRING_H 1
| #define HAVE_MEMORY_H 1
| #define HAVE_STRINGS_H 1
| #define HAVE_INTTYPES_H 1
| #define HAVE_STDINT_H 1
| #define HAVE_UNISTD_H 1
| #define HAVE_STDARG_H 1
| #define HAVE_STDLIB_H 1
| #define HAVE_STRING_H 1
| #define HAVE_UNISTD_H 1
| #define HAVE_SYS_TYPES_H 1
| #define HAVE_SYS_MMAN_H 1
| #define DMALLOC_SIZE size_t
| #define DMALLOC_SIZE_UNSIGNED 0
| #define HAVE_MPROTECT 1
| #define PROTECT_ALLOWED 1
| #define HAVE_MMAP 1
| #define HAVE_SBRK 1
| #define USE_MMAP 0
| #define HAVE_GETPAGESIZE 1
| #define BASIC_BLOCK 12
| #define SIZEOF_LONG 4
| #define ALLOCATION_ALIGNMENT 8
| #define HAVE_ABORT 1
| #define ABORT_OKAY 0
| #define RETSIGTYPE void
| #define HAVE_SIGNAL_H 1
| #define SIGNAL_OKAY 1
| #define HAVE_GETENV 1
| #define GETENV_SAFE 1
| #define HAVE_SYS_CYGWIN_H 0
| /* end confdefs.h.  */
| #include <w32api/windef.h>
configure:6807: result: no
configure:6842: checking for w32api/windef.h
configure:6849: result: no
configure:6868: checking for w32api/winbase.h
configure:6887: /opt/toolchains/uclibc-crosstools-gcc-4.4.2-1/usr/bin/mips-linux-gcc -c   conftest.c >&5
conftest.c:53:28: error: w32api/winbase.h: No such file or directory
configure:6893: $? = 1
configure: failed program was:
| /* confdefs.h.  */
| 
| #define PACKAGE_NAME "dmalloc"
| #define PACKAGE_TARNAME "dmalloc"
| #define PACKAGE_VERSION "5.5.2"
| #define PACKAGE_STRING "dmalloc 5.5.2"
| #define PACKAGE_BUGREPORT "http://dmalloc.com/"
| #ifdef __cplusplus
| extern "C" void exit (int) throw ();
| #endif
| #define STDC_HEADERS 1
| #define HAVE_SYS_TYPES_H 1
| #define HAVE_SYS_STAT_H 1
| #define HAVE_STDLIB_H 1
| #define HAVE_STRING_H 1
| #define HAVE_MEMORY_H 1
| #define HAVE_STRINGS_H 1
| #define HAVE_INTTYPES_H 1
| #define HAVE_STDINT_H 1
| #define HAVE_UNISTD_H 1
| #define HAVE_STDARG_H 1
| #define HAVE_STDLIB_H 1
| #define HAVE_STRING_H 1
| #define HAVE_UNISTD_H 1
| #define HAVE_SYS_TYPES_H 1
| #define HAVE_SYS_MMAN_H 1
| #define DMALLOC_SIZE size_t
| #define DMALLOC_SIZE_UNSIGNED 0
| #define HAVE_MPROTECT 1
| #define PROTECT_ALLOWED 1
| #define HAVE_MMAP 1
| #define HAVE_SBRK 1
| #define USE_MMAP 0
| #define HAVE_GETPAGESIZE 1
| #define BASIC_BLOCK 12
| #define SIZEOF_LONG 4
| #define ALLOCATION_ALIGNMENT 8
| #define HAVE_ABORT 1
| #define ABORT_OKAY 0
| #define RETSIGTYPE void
| #define HAVE_SIGNAL_H 1
| #define SIGNAL_OKAY 1
| #define HAVE_GETENV 1
| #define GETENV_SAFE 1
| #define HAVE_SYS_CYGWIN_H 0
| #define HAVE_W32API_WINDEF_H 0
| /* end confdefs.h.  */
| 
| #if HAVE_W32API_WINDEF_H
| # include <w32api/windef.h>
| #endif
| 
| #include <w32api/winbase.h>
configure:6917: result: no
configure:6934: checking for GetEnvironmentVariableA
configure:6941: result: yes
configure:7021: checking constructor attribute
configure:7027: result: yes
configure:7073: checking destructor attribute
configure:7080: result: yes
configure:7132: checking return.h macros work
configure:7138: result: no
configure:7200: checking if ident works
configure:7209: /opt/toolchains/uclibc-crosstools-gcc-4.4.2-1/usr/bin/mips-linux-gcc -c   conftest.c >&5
conftest.c:2:2: warning: #ident is a deprecated GCC extension
configure:7215: $? = 0
configure:7219: test -z 
			 || test ! -s conftest.err
configure:7222: $? = 0
configure:7225: test -s conftest.o
configure:7228: $? = 0
configure:7233: result: yes
configure:7249: pthread particulars
configure:7254: checking for library containing pthread_mutex_init
configure:7284: /opt/toolchains/uclibc-crosstools-gcc-4.4.2-1/usr/bin/mips-linux-gcc -o conftest    conftest.c  >&5
configure:7290: $? = 0
configure:7294: test -z 
			 || test ! -s conftest.err
configure:7297: $? = 0
configure:7300: test -s conftest
configure:7303: $? = 0
configure:7373: result: none required
configure:7390: checking pthread.h usability
configure:7402: /opt/toolchains/uclibc-crosstools-gcc-4.4.2-1/usr/bin/mips-linux-gcc -c   conftest.c >&5
configure:7408: $? = 0
configure:7412: test -z 
			 || test ! -s conftest.err
configure:7415: $? = 0
configure:7418: test -s conftest.o
configure:7421: $? = 0
configure:7431: result: yes
configure:7435: checking pthread.h presence
configure:7445: /opt/toolchains/uclibc-crosstools-gcc-4.4.2-1/usr/bin/mips-linux-gcc -E  conftest.c
configure:7451: $? = 0
configure:7471: result: yes
configure:7506: checking for pthread.h
configure:7513: result: yes
configure:7542: checking pthreads.h usability
configure:7554: /opt/toolchains/uclibc-crosstools-gcc-4.4.2-1/usr/bin/mips-linux-gcc -c   conftest.c >&5
conftest.c:89:22: error: pthreads.h: No such file or directory
configure:7560: $? = 1
configure: failed program was:
| /* confdefs.h.  */
| 
| #define PACKAGE_NAME "dmalloc"
| #define PACKAGE_TARNAME "dmalloc"
| #define PACKAGE_VERSION "5.5.2"
| #define PACKAGE_STRING "dmalloc 5.5.2"
| #define PACKAGE_BUGREPORT "http://dmalloc.com/"
| #ifdef __cplusplus
| extern "C" void exit (int) throw ();
| #endif
| #define STDC_HEADERS 1
| #define HAVE_SYS_TYPES_H 1
| #define HAVE_SYS_STAT_H 1
| #define HAVE_STDLIB_H 1
| #define HAVE_STRING_H 1
| #define HAVE_MEMORY_H 1
| #define HAVE_STRINGS_H 1
| #define HAVE_INTTYPES_H 1
| #define HAVE_STDINT_H 1
| #define HAVE_UNISTD_H 1
| #define HAVE_STDARG_H 1
| #define HAVE_STDLIB_H 1
| #define HAVE_STRING_H 1
| #define HAVE_UNISTD_H 1
| #define HAVE_SYS_TYPES_H 1
| #define HAVE_SYS_MMAN_H 1
| #define DMALLOC_SIZE size_t
| #define DMALLOC_SIZE_UNSIGNED 0
| #define HAVE_MPROTECT 1
| #define PROTECT_ALLOWED 1
| #define HAVE_MMAP 1
| #define HAVE_SBRK 1
| #define USE_MMAP 0
| #define HAVE_GETPAGESIZE 1
| #define BASIC_BLOCK 12
| #define SIZEOF_LONG 4
| #define ALLOCATION_ALIGNMENT 8
| #define HAVE_ABORT 1
| #define ABORT_OKAY 0
| #define RETSIGTYPE void
| #define HAVE_SIGNAL_H 1
| #define SIGNAL_OKAY 1
| #define HAVE_GETENV 1
| #define GETENV_SAFE 1
| #define HAVE_SYS_CYGWIN_H 0
| #define HAVE_W32API_WINDEF_H 0
| #define HAVE_W32API_WINBASE_H 0
| #define HAVE_GETENVIRONMENTVARIABLEA 1
| #define CONSTRUCTOR_WORKS 1
| #define DESTRUCTOR_WORKS 1
| #define RETURN_MACROS_WORK 0
| #define IDENT_WORKS 1
| #define HAVE_PTHREAD_H 1
| /* end confdefs.h.  */
| #include <stdio.h>
| #if HAVE_SYS_TYPES_H
| # include <sys/types.h>
| #endif
| #if HAVE_SYS_STAT_H
| # include <sys/stat.h>
| #endif
| #if STDC_HEADERS
| # include <stdlib.h>
| # include <stddef.h>
| #else
| # if HAVE_STDLIB_H
| #  include <stdlib.h>
| # endif
| #endif
| #if HAVE_STRING_H
| # if !STDC_HEADERS && HAVE_MEMORY_H
| #  include <memory.h>
| # endif
| # include <string.h>
| #endif
| #if HAVE_STRINGS_H
| # include <strings.h>
| #endif
| #if HAVE_INTTYPES_H
| # include <inttypes.h>
| #else
| # if HAVE_STDINT_H
| #  include <stdint.h>
| # endif
| #endif
| #if HAVE_UNISTD_H
| # include <unistd.h>
| #endif
| #include <pthreads.h>
configure:7583: result: no
configure:7587: checking pthreads.h presence
configure:7597: /opt/toolchains/uclibc-crosstools-gcc-4.4.2-1/usr/bin/mips-linux-gcc -E  conftest.c
conftest.c:55:22: error: pthreads.h: No such file or directory
configure:7603: $? = 1
configure: failed program was:
| /* confdefs.h.  */
| 
| #define PACKAGE_NAME "dmalloc"
| #define PACKAGE_TARNAME "dmalloc"
| #define PACKAGE_VERSION "5.5.2"
| #define PACKAGE_STRING "dmalloc 5.5.2"
| #define PACKAGE_BUGREPORT "http://dmalloc.com/"
| #ifdef __cplusplus
| extern "C" void exit (int) throw ();
| #endif
| #define STDC_HEADERS 1
| #define HAVE_SYS_TYPES_H 1
| #define HAVE_SYS_STAT_H 1
| #define HAVE_STDLIB_H 1
| #define HAVE_STRING_H 1
| #define HAVE_MEMORY_H 1
| #define HAVE_STRINGS_H 1
| #define HAVE_INTTYPES_H 1
| #define HAVE_STDINT_H 1
| #define HAVE_UNISTD_H 1
| #define HAVE_STDARG_H 1
| #define HAVE_STDLIB_H 1
| #define HAVE_STRING_H 1
| #define HAVE_UNISTD_H 1
| #define HAVE_SYS_TYPES_H 1
| #define HAVE_SYS_MMAN_H 1
| #define DMALLOC_SIZE size_t
| #define DMALLOC_SIZE_UNSIGNED 0
| #define HAVE_MPROTECT 1
| #define PROTECT_ALLOWED 1
| #define HAVE_MMAP 1
| #define HAVE_SBRK 1
| #define USE_MMAP 0
| #define HAVE_GETPAGESIZE 1
| #define BASIC_BLOCK 12
| #define SIZEOF_LONG 4
| #define ALLOCATION_ALIGNMENT 8
| #define HAVE_ABORT 1
| #define ABORT_OKAY 0
| #define RETSIGTYPE void
| #define HAVE_SIGNAL_H 1
| #define SIGNAL_OKAY 1
| #define HAVE_GETENV 1
| #define GETENV_SAFE 1
| #define HAVE_SYS_CYGWIN_H 0
| #define HAVE_W32API_WINDEF_H 0
| #define HAVE_W32API_WINBASE_H 0
| #define HAVE_GETENVIRONMENTVARIABLEA 1
| #define CONSTRUCTOR_WORKS 1
| #define DESTRUCTOR_WORKS 1
| #define RETURN_MACROS_WORK 0
| #define IDENT_WORKS 1
| #define HAVE_PTHREAD_H 1
| /* end confdefs.h.  */
| #include <pthreads.h>
configure:7623: result: no
configure:7658: checking for pthreads.h
configure:7665: result: no
configure:7691: checking for pthread_mutex_init
configure:7748: /opt/toolchains/uclibc-crosstools-gcc-4.4.2-1/usr/bin/mips-linux-gcc -o conftest    conftest.c  >&5
configure:7754: $? = 0
configure:7758: test -z 
			 || test ! -s conftest.err
configure:7761: $? = 0
configure:7764: test -s conftest
configure:7767: $? = 0
configure:7779: result: yes
configure:7691: checking for pthread_mutex_lock
configure:7748: /opt/toolchains/uclibc-crosstools-gcc-4.4.2-1/usr/bin/mips-linux-gcc -o conftest    conftest.c  >&5
configure:7754: $? = 0
configure:7758: test -z 
			 || test ! -s conftest.err
configure:7761: $? = 0
configure:7764: test -s conftest
configure:7767: $? = 0
configure:7779: result: yes
configure:7691: checking for pthread_mutex_unlock
configure:7748: /opt/toolchains/uclibc-crosstools-gcc-4.4.2-1/usr/bin/mips-linux-gcc -o conftest    conftest.c  >&5
configure:7754: $? = 0
configure:7758: test -z 
			 || test ! -s conftest.err
configure:7761: $? = 0
configure:7764: test -s conftest
configure:7767: $? = 0
configure:7779: result: yes
configure:7790: checking pthread mutex type
configure:7817: /opt/toolchains/uclibc-crosstools-gcc-4.4.2-1/usr/bin/mips-linux-gcc -o conftest    conftest.c  >&5
configure:7823: $? = 0
configure:7827: test -z 
			 || test ! -s conftest.err
configure:7830: $? = 0
configure:7833: test -s conftest
configure:7836: $? = 0
configure:7841: result: pthread_mutex_t
configure:7854: checking pthread attribute initialization
configure:7882: /opt/toolchains/uclibc-crosstools-gcc-4.4.2-1/usr/bin/mips-linux-gcc -o conftest    conftest.c  >&5
conftest.c: In function 'main':
conftest.c:73: error: 'pthread_mutexattr_default' undeclared (first use in this function)
conftest.c:73: error: (Each undeclared identifier is reported only once
conftest.c:73: error: for each function it appears in.)
configure:7888: $? = 1
configure: failed program was:
| /* confdefs.h.  */
| 
| #define PACKAGE_NAME "dmalloc"
| #define PACKAGE_TARNAME "dmalloc"
| #define PACKAGE_VERSION "5.5.2"
| #define PACKAGE_STRING "dmalloc 5.5.2"
| #define PACKAGE_BUGREPORT "http://dmalloc.com/"
| #ifdef __cplusplus
| extern "C" void exit (int) throw ();
| #endif
| #define STDC_HEADERS 1
| #define HAVE_SYS_TYPES_H 1
| #define HAVE_SYS_STAT_H 1
| #define HAVE_STDLIB_H 1
| #define HAVE_STRING_H 1
| #define HAVE_MEMORY_H 1
| #define HAVE_STRINGS_H 1
| #define HAVE_INTTYPES_H 1
| #define HAVE_STDINT_H 1
| #define HAVE_UNISTD_H 1
| #define HAVE_STDARG_H 1
| #define HAVE_STDLIB_H 1
| #define HAVE_STRING_H 1
| #define HAVE_UNISTD_H 1
| #define HAVE_SYS_TYPES_H 1
| #define HAVE_SYS_MMAN_H 1
| #define DMALLOC_SIZE size_t
| #define DMALLOC_SIZE_UNSIGNED 0
| #define HAVE_MPROTECT 1
| #define PROTECT_ALLOWED 1
| #define HAVE_MMAP 1
| #define HAVE_SBRK 1
| #define USE_MMAP 0
| #define HAVE_GETPAGESIZE 1
| #define BASIC_BLOCK 12
| #define SIZEOF_LONG 4
| #define ALLOCATION_ALIGNMENT 8
| #define HAVE_ABORT 1
| #define ABORT_OKAY 0
| #define RETSIGTYPE void
| #define HAVE_SIGNAL_H 1
| #define SIGNAL_OKAY 1
| #define HAVE_GETENV 1
| #define GETENV_SAFE 1
| #define HAVE_SYS_CYGWIN_H 0
| #define HAVE_W32API_WINDEF_H 0
| #define HAVE_W32API_WINBASE_H 0
| #define HAVE_GETENVIRONMENTVARIABLEA 1
| #define CONSTRUCTOR_WORKS 1
| #define DESTRUCTOR_WORKS 1
| #define RETURN_MACROS_WORK 0
| #define IDENT_WORKS 1
| #define HAVE_PTHREAD_H 1
| #define HAVE_PTHREADS_H 0
| #define HAVE_PTHREAD_MUTEX_INIT 1
| #define HAVE_PTHREAD_MUTEX_LOCK 1
| #define HAVE_PTHREAD_MUTEX_UNLOCK 1
| #define THREAD_MUTEX_T pthread_mutex_t
| /* end confdefs.h.  */
| 
| #if HAVE_PTHREAD_H
| #  include <pthread.h>
| #endif
| #if HAVE_PTHREADS_H
| #  include <pthreads.h>
| #endif
| 
| int
| main ()
| {
| 
| 	THREAD_MUTEX_T dmalloc_mutex;
| 	pthread_mutex_init(&dmalloc_mutex, pthread_mutexattr_default);
| 
|   ;
|   return 0;
| }
configure:7917: result: 0
configure:7927: functions
configure:7936: checking for atexit
configure:7993: /opt/toolchains/uclibc-crosstools-gcc-4.4.2-1/usr/bin/mips-linux-gcc -o conftest    conftest.c  >&5
configure:7999: $? = 0
configure:8003: test -z 
			 || test ! -s conftest.err
configure:8006: $? = 0
configure:8009: test -s conftest
configure:8012: $? = 0
configure:8024: result: yes
configure:7936: checking for on_exit
configure:7993: /opt/toolchains/uclibc-crosstools-gcc-4.4.2-1/usr/bin/mips-linux-gcc -o conftest    conftest.c  >&5
configure:7999: $? = 0
configure:8003: test -z 
			 || test ! -s conftest.err
configure:8006: $? = 0
configure:8009: test -s conftest
configure:8012: $? = 0
configure:8024: result: yes
configure:8061: checking for fork
configure:8118: /opt/toolchains/uclibc-crosstools-gcc-4.4.2-1/usr/bin/mips-linux-gcc -o conftest    conftest.c  >&5
conftest.c:87: warning: conflicting types for built-in function 'fork'
configure:8124: $? = 0
configure:8128: test -z 
			 || test ! -s conftest.err
configure:8131: $? = 0
configure:8134: test -s conftest
configure:8137: $? = 0
configure:8149: result: yes
configure:8061: checking for gethostname
configure:8118: /opt/toolchains/uclibc-crosstools-gcc-4.4.2-1/usr/bin/mips-linux-gcc -o conftest    conftest.c  >&5
configure:8124: $? = 0
configure:8128: test -z 
			 || test ! -s conftest.err
configure:8131: $? = 0
configure:8134: test -s conftest
configure:8137: $? = 0
configure:8149: result: yes
configure:8061: checking for getpid
configure:8118: /opt/toolchains/uclibc-crosstools-gcc-4.4.2-1/usr/bin/mips-linux-gcc -o conftest    conftest.c  >&5
configure:8124: $? = 0
configure:8128: test -z 
			 || test ! -s conftest.err
configure:8131: $? = 0
configure:8134: test -s conftest
configure:8137: $? = 0
configure:8149: result: yes
configure:8061: checking for getuid
configure:8118: /opt/toolchains/uclibc-crosstools-gcc-4.4.2-1/usr/bin/mips-linux-gcc -o conftest    conftest.c  >&5
configure:8124: $? = 0
configure:8128: test -z 
			 || test ! -s conftest.err
configure:8131: $? = 0
configure:8134: test -s conftest
configure:8137: $? = 0
configure:8149: result: yes
configure:8061: checking for time
configure:8118: /opt/toolchains/uclibc-crosstools-gcc-4.4.2-1/usr/bin/mips-linux-gcc -o conftest    conftest.c  >&5
configure:8124: $? = 0
configure:8128: test -z 
			 || test ! -s conftest.err
configure:8131: $? = 0
configure:8134: test -s conftest
configure:8137: $? = 0
configure:8149: result: yes
configure:8061: checking for ctime
configure:8118: /opt/toolchains/uclibc-crosstools-gcc-4.4.2-1/usr/bin/mips-linux-gcc -o conftest    conftest.c  >&5
configure:8124: $? = 0
configure:8128: test -z 
			 || test ! -s conftest.err
configure:8131: $? = 0
configure:8134: test -s conftest
configure:8137: $? = 0
configure:8149: result: yes
configure:8165: checking for vprintf
configure:8222: /opt/toolchains/uclibc-crosstools-gcc-4.4.2-1/usr/bin/mips-linux-gcc -o conftest    conftest.c  >&5
conftest.c:93: warning: conflicting types for built-in function 'vprintf'
configure:8228: $? = 0
configure:8232: test -z 
			 || test ! -s conftest.err
configure:8235: $? = 0
configure:8238: test -s conftest
configure:8241: $? = 0
configure:8253: result: yes
configure:8165: checking for snprintf
configure:8222: /opt/toolchains/uclibc-crosstools-gcc-4.4.2-1/usr/bin/mips-linux-gcc -o conftest    conftest.c  >&5
conftest.c:94: warning: conflicting types for built-in function 'snprintf'
configure:8228: $? = 0
configure:8232: test -z 
			 || test ! -s conftest.err
configure:8235: $? = 0
configure:8238: test -s conftest
configure:8241: $? = 0
configure:8253: result: yes
configure:8165: checking for vsnprintf
configure:8222: /opt/toolchains/uclibc-crosstools-gcc-4.4.2-1/usr/bin/mips-linux-gcc -o conftest    conftest.c  >&5
conftest.c:95: warning: conflicting types for built-in function 'vsnprintf'
configure:8228: $? = 0
configure:8232: test -z 
			 || test ! -s conftest.err
configure:8235: $? = 0
configure:8238: test -s conftest
configure:8241: $? = 0
configure:8253: result: yes
configure:8269: checking for recalloc
configure:8326: /opt/toolchains/uclibc-crosstools-gcc-4.4.2-1/usr/bin/mips-linux-gcc -o conftest    conftest.c  >&5
/tmp/ccWeUbzB.o: In function `main':
conftest.c:(.text+0x1c): undefined reference to `recalloc'
/tmp/ccWeUbzB.o:(.data.rel+0x0): undefined reference to `recalloc'
collect2: ld returned 1 exit status
configure:8332: $? = 1
configure: failed program was:
| /* confdefs.h.  */
| 
| #define PACKAGE_NAME "dmalloc"
| #define PACKAGE_TARNAME "dmalloc"
| #define PACKAGE_VERSION "5.5.2"
| #define PACKAGE_STRING "dmalloc 5.5.2"
| #define PACKAGE_BUGREPORT "http://dmalloc.com/"
| #ifdef __cplusplus
| extern "C" void exit (int) throw ();
| #endif
| #define STDC_HEADERS 1
| #define HAVE_SYS_TYPES_H 1
| #define HAVE_SYS_STAT_H 1
| #define HAVE_STDLIB_H 1
| #define HAVE_STRING_H 1
| #define HAVE_MEMORY_H 1
| #define HAVE_STRINGS_H 1
| #define HAVE_INTTYPES_H 1
| #define HAVE_STDINT_H 1
| #define HAVE_UNISTD_H 1
| #define HAVE_STDARG_H 1
| #define HAVE_STDLIB_H 1
| #define HAVE_STRING_H 1
| #define HAVE_UNISTD_H 1
| #define HAVE_SYS_TYPES_H 1
| #define HAVE_SYS_MMAN_H 1
| #define DMALLOC_SIZE size_t
| #define DMALLOC_SIZE_UNSIGNED 0
| #define HAVE_MPROTECT 1
| #define PROTECT_ALLOWED 1
| #define HAVE_MMAP 1
| #define HAVE_SBRK 1
| #define USE_MMAP 0
| #define HAVE_GETPAGESIZE 1
| #define BASIC_BLOCK 12
| #define SIZEOF_LONG 4
| #define ALLOCATION_ALIGNMENT 8
| #define HAVE_ABORT 1
| #define ABORT_OKAY 0
| #define RETSIGTYPE void
| #define HAVE_SIGNAL_H 1
| #define SIGNAL_OKAY 1
| #define HAVE_GETENV 1
| #define GETENV_SAFE 1
| #define HAVE_SYS_CYGWIN_H 0
| #define HAVE_W32API_WINDEF_H 0
| #define HAVE_W32API_WINBASE_H 0
| #define HAVE_GETENVIRONMENTVARIABLEA 1
| #define CONSTRUCTOR_WORKS 1
| #define DESTRUCTOR_WORKS 1
| #define RETURN_MACROS_WORK 0
| #define IDENT_WORKS 1
| #define HAVE_PTHREAD_H 1
| #define HAVE_PTHREADS_H 0
| #define HAVE_PTHREAD_MUTEX_INIT 1
| #define HAVE_PTHREAD_MUTEX_LOCK 1
| #define HAVE_PTHREAD_MUTEX_UNLOCK 1
| #define THREAD_MUTEX_T pthread_mutex_t
| #define THREAD_LOCK_INIT_VAL 0
| #define HAVE_ATEXIT 1
| #define HAVE_ON_EXIT 1
| #define HAVE_FORK 1
| #define HAVE_GETHOSTNAME 1
| #define HAVE_GETPID 1
| #define HAVE_GETUID 1
| #define HAVE_TIME 1
| #define HAVE_CTIME 1
| #define HAVE_VPRINTF 1
| #define HAVE_SNPRINTF 1
| #define HAVE_VSNPRINTF 1
| /* end confdefs.h.  */
| /* Define recalloc to an innocuous variant, in case <limits.h> declares recalloc.
|    For example, HP-UX 11i <limits.h> declares gettimeofday.  */
| #define recalloc innocuous_recalloc
| 
| /* System header to define __stub macros and hopefully few prototypes,
|     which can conflict with char recalloc (); below.
|     Prefer <limits.h> to <assert.h> if __STDC__ is defined, since
|     <limits.h> exists even on freestanding compilers.  */
| 
| #ifdef __STDC__
| # include <limits.h>
| #else
| # include <assert.h>
| #endif
| 
| #undef recalloc
| 
| /* Override any gcc2 internal prototype to avoid an error.  */
| #ifdef __cplusplus
| extern "C"
| {
| #endif
| /* We use char because int might match the return type of a gcc2
|    builtin and then its argument prototype would still apply.  */
| char recalloc ();
| /* The GNU C library defines this for functions which it implements
|     to always fail with ENOSYS.  Some functions are actually named
|     something starting with __ and the normal name is an alias.  */
| #if defined (__stub_recalloc) || defined (__stub___recalloc)
| choke me
| #else
| char (*f) () = recalloc;
| #endif
| #ifdef __cplusplus
| }
| #endif
| 
| int
| main ()
| {
| return f != recalloc;
|   ;
|   return 0;
| }
configure:8357: result: no
configure:8269: checking for memalign
configure:8326: /opt/toolchains/uclibc-crosstools-gcc-4.4.2-1/usr/bin/mips-linux-gcc -o conftest    conftest.c  >&5
configure:8332: $? = 0
configure:8336: test -z 
			 || test ! -s conftest.err
configure:8339: $? = 0
configure:8342: test -s conftest
configure:8345: $? = 0
configure:8357: result: yes
configure:8269: checking for valloc
configure:8326: /opt/toolchains/uclibc-crosstools-gcc-4.4.2-1/usr/bin/mips-linux-gcc -o conftest    conftest.c  >&5
configure:8332: $? = 0
configure:8336: test -z 
			 || test ! -s conftest.err
configure:8339: $? = 0
configure:8342: test -s conftest
configure:8345: $? = 0
configure:8357: result: yes
configure:8376: checking for memcmp
configure:8433: /opt/toolchains/uclibc-crosstools-gcc-4.4.2-1/usr/bin/mips-linux-gcc -o conftest    conftest.c  >&5
conftest.c:98: warning: conflicting types for built-in function 'memcmp'
configure:8439: $? = 0
configure:8443: test -z 
			 || test ! -s conftest.err
configure:8446: $? = 0
configure:8449: test -s conftest
configure:8452: $? = 0
configure:8464: result: yes
configure:8376: checking for memcpy
configure:8433: /opt/toolchains/uclibc-crosstools-gcc-4.4.2-1/usr/bin/mips-linux-gcc -o conftest    conftest.c  >&5
conftest.c:99: warning: conflicting types for built-in function 'memcpy'
configure:8439: $? = 0
configure:8443: test -z 
			 || test ! -s conftest.err
configure:8446: $? = 0
configure:8449: test -s conftest
configure:8452: $? = 0
configure:8464: result: yes
configure:8376: checking for memmove
configure:8433: /opt/toolchains/uclibc-crosstools-gcc-4.4.2-1/usr/bin/mips-linux-gcc -o conftest    conftest.c  >&5
conftest.c:100: warning: conflicting types for built-in function 'memmove'
configure:8439: $? = 0
configure:8443: test -z 
			 || test ! -s conftest.err
configure:8446: $? = 0
configure:8449: test -s conftest
configure:8452: $? = 0
configure:8464: result: yes
configure:8376: checking for memset
configure:8433: /opt/toolchains/uclibc-crosstools-gcc-4.4.2-1/usr/bin/mips-linux-gcc -o conftest    conftest.c  >&5
conftest.c:101: warning: conflicting types for built-in function 'memset'
configure:8439: $? = 0
configure:8443: test -z 
			 || test ! -s conftest.err
configure:8446: $? = 0
configure:8449: test -s conftest
configure:8452: $? = 0
configure:8464: result: yes
configure:8479: checking for strchr
configure:8536: /opt/toolchains/uclibc-crosstools-gcc-4.4.2-1/usr/bin/mips-linux-gcc -o conftest    conftest.c  >&5
conftest.c:102: warning: conflicting types for built-in function 'strchr'
configure:8542: $? = 0
configure:8546: test -z 
			 || test ! -s conftest.err
configure:8549: $? = 0
configure:8552: test -s conftest
configure:8555: $? = 0
configure:8567: result: yes
configure:8479: checking for strrchr
configure:8536: /opt/toolchains/uclibc-crosstools-gcc-4.4.2-1/usr/bin/mips-linux-gcc -o conftest    conftest.c  >&5
conftest.c:103: warning: conflicting types for built-in function 'strrchr'
configure:8542: $? = 0
configure:8546: test -z 
			 || test ! -s conftest.err
configure:8549: $? = 0
configure:8552: test -s conftest
configure:8555: $? = 0
configure:8567: result: yes
configure:8584: checking for strlen
configure:8641: /opt/toolchains/uclibc-crosstools-gcc-4.4.2-1/usr/bin/mips-linux-gcc -o conftest    conftest.c  >&5
conftest.c:104: warning: conflicting types for built-in function 'strlen'
configure:8647: $? = 0
configure:8651: test -z 
			 || test ! -s conftest.err
configure:8654: $? = 0
configure:8657: test -s conftest
configure:8660: $? = 0
configure:8672: result: yes
configure:8584: checking for strcmp
configure:8641: /opt/toolchains/uclibc-crosstools-gcc-4.4.2-1/usr/bin/mips-linux-gcc -o conftest    conftest.c  >&5
conftest.c:105: warning: conflicting types for built-in function 'strcmp'
configure:8647: $? = 0
configure:8651: test -z 
			 || test ! -s conftest.err
configure:8654: $? = 0
configure:8657: test -s conftest
configure:8660: $? = 0
configure:8672: result: yes
configure:8584: checking for strcpy
configure:8641: /opt/toolchains/uclibc-crosstools-gcc-4.4.2-1/usr/bin/mips-linux-gcc -o conftest    conftest.c  >&5
conftest.c:106: warning: conflicting types for built-in function 'strcpy'
configure:8647: $? = 0
configure:8651: test -z 
			 || test ! -s conftest.err
configure:8654: $? = 0
configure:8657: test -s conftest
configure:8660: $? = 0
configure:8672: result: yes
configure:8584: checking for strsep
configure:8641: /opt/toolchains/uclibc-crosstools-gcc-4.4.2-1/usr/bin/mips-linux-gcc -o conftest    conftest.c  >&5
configure:8647: $? = 0
configure:8651: test -z 
			 || test ! -s conftest.err
configure:8654: $? = 0
configure:8657: test -s conftest
configure:8660: $? = 0
configure:8672: result: yes
configure:8684: various functions for argv files
configure:8694: checking for atoi
configure:8751: /opt/toolchains/uclibc-crosstools-gcc-4.4.2-1/usr/bin/mips-linux-gcc -o conftest    conftest.c  >&5
configure:8757: $? = 0
configure:8761: test -z 
			 || test ! -s conftest.err
configure:8764: $? = 0
configure:8767: test -s conftest
configure:8770: $? = 0
configure:8782: result: yes
configure:8694: checking for atol
configure:8751: /opt/toolchains/uclibc-crosstools-gcc-4.4.2-1/usr/bin/mips-linux-gcc -o conftest    conftest.c  >&5
configure:8757: $? = 0
configure:8761: test -z 
			 || test ! -s conftest.err
configure:8764: $? = 0
configure:8767: test -s conftest
configure:8770: $? = 0
configure:8782: result: yes
configure:8694: checking for getenv
configure:8782: result: yes
configure:8802: checking for strchr
configure:8890: result: yes
configure:8802: checking for strcmp
configure:8890: result: yes
configure:8802: checking for strcpy
configure:8890: result: yes
configure:8802: checking for strlen
configure:8890: result: yes
configure:8802: checking for strncmp
configure:8859: /opt/toolchains/uclibc-crosstools-gcc-4.4.2-1/usr/bin/mips-linux-gcc -o conftest    conftest.c  >&5
conftest.c:115: warning: conflicting types for built-in function 'strncmp'
configure:8865: $? = 0
configure:8869: test -z 
			 || test ! -s conftest.err
configure:8872: $? = 0
configure:8875: test -s conftest
configure:8878: $? = 0
configure:8890: result: yes
configure:8802: checking for strncpy
configure:8859: /opt/toolchains/uclibc-crosstools-gcc-4.4.2-1/usr/bin/mips-linux-gcc -o conftest    conftest.c  >&5
conftest.c:116: warning: conflicting types for built-in function 'strncpy'
configure:8865: $? = 0
configure:8869: test -z 
			 || test ! -s conftest.err
configure:8872: $? = 0
configure:8875: test -s conftest
configure:8878: $? = 0
configure:8890: result: yes
configure:8802: checking for strsep
configure:8890: result: yes
configure:8902: various functions for argument checking
configure:8911: checking for atoi
configure:8999: result: yes
configure:8911: checking for atol
configure:8999: result: yes
configure:9015: checking for bcmp
configure:9072: /opt/toolchains/uclibc-crosstools-gcc-4.4.2-1/usr/bin/mips-linux-gcc -o conftest    conftest.c  >&5
conftest.c:120: warning: conflicting types for built-in function 'bcmp'
configure:9078: $? = 0
configure:9082: test -z 
			 || test ! -s conftest.err
configure:9085: $? = 0
configure:9088: test -s conftest
configure:9091: $? = 0
configure:9103: result: yes
configure:9015: checking for bcopy
configure:9072: /opt/toolchains/uclibc-crosstools-gcc-4.4.2-1/usr/bin/mips-linux-gcc -o conftest    conftest.c  >&5
conftest.c:121: warning: conflicting types for built-in function 'bcopy'
configure:9078: $? = 0
configure:9082: test -z 
			 || test ! -s conftest.err
configure:9085: $? = 0
configure:9088: test -s conftest
configure:9091: $? = 0
configure:9103: result: yes
configure:9015: checking for bzero
configure:9072: /opt/toolchains/uclibc-crosstools-gcc-4.4.2-1/usr/bin/mips-linux-gcc -o conftest    conftest.c  >&5
conftest.c:122: warning: conflicting types for built-in function 'bzero'
configure:9078: $? = 0
configure:9082: test -z 
			 || test ! -s conftest.err
configure:9085: $? = 0
configure:9088: test -s conftest
configure:9091: $? = 0
configure:9103: result: yes
configure:9117: checking for index
configure:9174: /opt/toolchains/uclibc-crosstools-gcc-4.4.2-1/usr/bin/mips-linux-gcc -o conftest    conftest.c  >&5
conftest.c:123: warning: conflicting types for built-in function 'index'
configure:9180: $? = 0
configure:9184: test -z 
			 || test ! -s conftest.err
configure:9187: $? = 0
configure:9190: test -s conftest
configure:9193: $? = 0
configure:9205: result: yes
configure:9224: checking for memccpy
configure:9281: /opt/toolchains/uclibc-crosstools-gcc-4.4.2-1/usr/bin/mips-linux-gcc -o conftest    conftest.c  >&5
configure:9287: $? = 0
configure:9291: test -z 
			 || test ! -s conftest.err
configure:9294: $? = 0
configure:9297: test -s conftest
configure:9300: $? = 0
configure:9312: result: yes
configure:9224: checking for memchr
configure:9281: /opt/toolchains/uclibc-crosstools-gcc-4.4.2-1/usr/bin/mips-linux-gcc -o conftest    conftest.c  >&5
conftest.c:125: warning: conflicting types for built-in function 'memchr'
configure:9287: $? = 0
configure:9291: test -z 
			 || test ! -s conftest.err
configure:9294: $? = 0
configure:9297: test -s conftest
configure:9300: $? = 0
configure:9312: result: yes
configure:9224: checking for memcmp
configure:9312: result: yes
configure:9224: checking for memcpy
configure:9312: result: yes
configure:9224: checking for memmove
configure:9312: result: yes
configure:9224: checking for memset
configure:9312: result: yes
configure:9326: checking for rindex
configure:9383: /opt/toolchains/uclibc-crosstools-gcc-4.4.2-1/usr/bin/mips-linux-gcc -o conftest    conftest.c  >&5
conftest.c:130: warning: conflicting types for built-in function 'rindex'
configure:9389: $? = 0
configure:9393: test -z 
			 || test ! -s conftest.err
configure:9396: $? = 0
configure:9399: test -s conftest
configure:9402: $? = 0
configure:9414: result: yes
configure:9434: checking for strcasecmp
configure:9491: /opt/toolchains/uclibc-crosstools-gcc-4.4.2-1/usr/bin/mips-linux-gcc -o conftest    conftest.c  >&5
conftest.c:131: warning: conflicting types for built-in function 'strcasecmp'
configure:9497: $? = 0
configure:9501: test -z 
			 || test ! -s conftest.err
configure:9504: $? = 0
configure:9507: test -s conftest
configure:9510: $? = 0
configure:9522: result: yes
configure:9434: checking for strcat
configure:9491: /opt/toolchains/uclibc-crosstools-gcc-4.4.2-1/usr/bin/mips-linux-gcc -o conftest    conftest.c  >&5
conftest.c:132: warning: conflicting types for built-in function 'strcat'
configure:9497: $? = 0
configure:9501: test -z 
			 || test ! -s conftest.err
configure:9504: $? = 0
configure:9507: test -s conftest
configure:9510: $? = 0
configure:9522: result: yes
configure:9434: checking for strchr
configure:9522: result: yes
configure:9434: checking for strcmp
configure:9522: result: yes
configure:9434: checking for strcpy
configure:9522: result: yes
configure:9434: checking for strcspn
configure:9491: /opt/toolchains/uclibc-crosstools-gcc-4.4.2-1/usr/bin/mips-linux-gcc -o conftest    conftest.c  >&5
conftest.c:136: warning: conflicting types for built-in function 'strcspn'
configure:9497: $? = 0
configure:9501: test -z 
			 || test ! -s conftest.err
configure:9504: $? = 0
configure:9507: test -s conftest
configure:9510: $? = 0
configure:9522: result: yes
configure:9434: checking for strlen
configure:9522: result: yes
configure:9539: checking for strncasecmp
configure:9596: /opt/toolchains/uclibc-crosstools-gcc-4.4.2-1/usr/bin/mips-linux-gcc -o conftest    conftest.c  >&5
conftest.c:138: warning: conflicting types for built-in function 'strncasecmp'
configure:9602: $? = 0
configure:9606: test -z 
			 || test ! -s conftest.err
configure:9609: $? = 0
configure:9612: test -s conftest
configure:9615: $? = 0
configure:9627: result: yes
configure:9539: checking for strncat
configure:9596: /opt/toolchains/uclibc-crosstools-gcc-4.4.2-1/usr/bin/mips-linux-gcc -o conftest    conftest.c  >&5
conftest.c:139: warning: conflicting types for built-in function 'strncat'
configure:9602: $? = 0
configure:9606: test -z 
			 || test ! -s conftest.err
configure:9609: $? = 0
configure:9612: test -s conftest
configure:9615: $? = 0
configure:9627: result: yes
configure:9539: checking for strncmp
configure:9627: result: yes
configure:9539: checking for strncpy
configure:9627: result: yes
configure:9645: checking for strpbrk
configure:9702: /opt/toolchains/uclibc-crosstools-gcc-4.4.2-1/usr/bin/mips-linux-gcc -o conftest    conftest.c  >&5
conftest.c:142: warning: conflicting types for built-in function 'strpbrk'
configure:9708: $? = 0
configure:9712: test -z 
			 || test ! -s conftest.err
configure:9715: $? = 0
configure:9718: test -s conftest
configure:9721: $? = 0
configure:9733: result: yes
configure:9645: checking for strrchr
configure:9733: result: yes
configure:9645: checking for strspn
configure:9702: /opt/toolchains/uclibc-crosstools-gcc-4.4.2-1/usr/bin/mips-linux-gcc -o conftest    conftest.c  >&5
conftest.c:144: warning: conflicting types for built-in function 'strspn'
configure:9708: $? = 0
configure:9712: test -z 
			 || test ! -s conftest.err
configure:9715: $? = 0
configure:9718: test -s conftest
configure:9721: $? = 0
configure:9733: result: yes
configure:9645: checking for strstr
configure:9702: /opt/toolchains/uclibc-crosstools-gcc-4.4.2-1/usr/bin/mips-linux-gcc -o conftest    conftest.c  >&5
conftest.c:145: warning: conflicting types for built-in function 'strstr'
configure:9708: $? = 0
configure:9712: test -z 
			 || test ! -s conftest.err
configure:9715: $? = 0
configure:9718: test -s conftest
configure:9721: $? = 0
configure:9733: result: yes
configure:9645: checking for strtok
configure:9702: /opt/toolchains/uclibc-crosstools-gcc-4.4.2-1/usr/bin/mips-linux-gcc -o conftest    conftest.c  >&5
configure:9708: $? = 0
configure:9712: test -z 
			 || test ! -s conftest.err
configure:9715: $? = 0
configure:9718: test -s conftest
configure:9721: $? = 0
configure:9733: result: yes
configure:9847: creating ./config.status

## ---------------------- ##
## Running config.status. ##
## ---------------------- ##

This file was extended by dmalloc config.status 5.5.2, which was
generated by GNU Autoconf 2.59.  Invocation command line was

  CONFIG_FILES    = 
  CONFIG_HEADERS  = 
  CONFIG_LINKS    = 
  CONFIG_COMMANDS = 
  $ ./config.status 

on Zidane

config.status:694: creating Makefile
config.status:798: creating conf.h
config.status:1156: conf.h is unchanged
config.status:1314: executing dmalloc.h.2 commands
config.status:1371: dmalloc.h.2 is unchanged
config.status:1314: executing settings.h commands
config.status:1391: settings.h is unchanged
configure:11113: 
configure:11115: Please check-out Makefile and conf.h to make sure that
configure:11117: sane configuration values were a result.
configure:11119: 
configure:11121: You may want to change values in settings.h before
configure:11123: running 'make'.
configure:11125: 
configure:11127: To run the basic library tests, you can execute:
configure:11129:   make light
configure:11131: or
configure:11133:   make heavy
configure:11135: 

## ---------------- ##
## Cache variables. ##
## ---------------- ##

ac_cv_c_compiler_gnu=yes
ac_cv_c_const=yes
ac_cv_cxx_compiler_gnu=yes
ac_cv_data_align=8
ac_cv_env_CC_set=set
ac_cv_env_CC_value=/opt/toolchains/uclibc-crosstools-gcc-4.4.2-1/usr/bin/mips-linux-gcc
ac_cv_env_CFLAGS_set=set
ac_cv_env_CFLAGS_value=
ac_cv_env_CPPFLAGS_set=
ac_cv_env_CPPFLAGS_value=
ac_cv_env_CPP_set=set
ac_cv_env_CPP_value='/opt/toolchains/uclibc-crosstools-gcc-4.4.2-1/usr/bin/mips-linux-gcc -E'
ac_cv_env_CXXFLAGS_set=
ac_cv_env_CXXFLAGS_value=
ac_cv_env_CXX_set=set
ac_cv_env_CXX_value=
ac_cv_env_LDFLAGS_set=
ac_cv_env_LDFLAGS_value=
ac_cv_env_build_alias_set=
ac_cv_env_build_alias_value=
ac_cv_env_host_alias_set=set
ac_cv_env_host_alias_value=mips-linux
ac_cv_env_target_alias_set=
ac_cv_env_target_alias_value=
ac_cv_exeext=
ac_cv_func_abort=yes
ac_cv_func_atexit=yes
ac_cv_func_atoi=yes
ac_cv_func_atol=yes
ac_cv_func_bcmp=yes
ac_cv_func_bcopy=yes
ac_cv_func_bzero=yes
ac_cv_func_ctime=yes
ac_cv_func_fork=yes
ac_cv_func_getenv=yes
ac_cv_func_gethostname=yes
ac_cv_func_getpagesize=yes
ac_cv_func_getpid=yes
ac_cv_func_getuid=yes
ac_cv_func_index=yes
ac_cv_func_memalign=yes
ac_cv_func_memccpy=yes
ac_cv_func_memchr=yes
ac_cv_func_memcmp=yes
ac_cv_func_memcpy=yes
ac_cv_func_memmove=yes
ac_cv_func_memset=yes
ac_cv_func_mmap=yes
ac_cv_func_mprotect=yes
ac_cv_func_on_exit=yes
ac_cv_func_pthread_mutex_init=yes
ac_cv_func_pthread_mutex_lock=yes
ac_cv_func_pthread_mutex_unlock=yes
ac_cv_func_recalloc=no
ac_cv_func_rindex=yes
ac_cv_func_sbrk=yes
ac_cv_func_snprintf=yes
ac_cv_func_strcasecmp=yes
ac_cv_func_strcat=yes
ac_cv_func_strchr=yes
ac_cv_func_strcmp=yes
ac_cv_func_strcpy=yes
ac_cv_func_strcspn=yes
ac_cv_func_strlen=yes
ac_cv_func_strncasecmp=yes
ac_cv_func_strncat=yes
ac_cv_func_strncmp=yes
ac_cv_func_strncpy=yes
ac_cv_func_strpbrk=yes
ac_cv_func_strrchr=yes
ac_cv_func_strsep=yes
ac_cv_func_strspn=yes
ac_cv_func_strstr=yes
ac_cv_func_strtok=yes
ac_cv_func_time=yes
ac_cv_func_valloc=yes
ac_cv_func_vprintf=yes
ac_cv_func_vsnprintf=yes
ac_cv_header_inttypes_h=yes
ac_cv_header_memory_h=yes
ac_cv_header_pthread_h=yes
ac_cv_header_pthreads_h=no
ac_cv_header_signal_h=yes
ac_cv_header_stdarg_h=yes
ac_cv_header_stdc=yes
ac_cv_header_stdint_h=yes
ac_cv_header_stdlib_h=yes
ac_cv_header_string_h=yes
ac_cv_header_strings_h=yes
ac_cv_header_sys_cygwin_h=no
ac_cv_header_sys_mman_h=yes
ac_cv_header_sys_stat_h=yes
ac_cv_header_sys_types_h=yes
ac_cv_header_unistd_h=yes
ac_cv_header_w32api_winbase_h=no
ac_cv_header_w32api_windef_h=no
ac_cv_objext=o
ac_cv_page_size=12
ac_cv_path_install='/usr/bin/install -c'
ac_cv_prog_CC=/opt/toolchains/uclibc-crosstools-gcc-4.4.2-1/usr/bin/mips-linux-gcc
ac_cv_prog_CPP='/opt/toolchains/uclibc-crosstools-gcc-4.4.2-1/usr/bin/mips-linux-gcc -E'
ac_cv_prog_ac_ct_CXX=g++
ac_cv_prog_ac_ct_RANLIB=ranlib
ac_cv_prog_cc_g=yes
ac_cv_prog_cc_stdc=
ac_cv_prog_cxx_g=yes
ac_cv_prog_egrep='grep -E'
ac_cv_search_pthread_mutex_init='none required'
ac_cv_shared_lib_link_objs=no
ac_cv_shared_lib_suffix=so
ac_cv_shared_link_args='ld -G -o $@.t'
ac_cv_sizeof_long=4
ac_cv_strdup_macro=no
ac_cv_type_long=yes
ac_cv_type_signal=void
ac_cv_type_size_t=yes
ac_cv_use_mmap=no

## ----------------- ##
## Output variables. ##
## ----------------- ##

CC='/opt/toolchains/uclibc-crosstools-gcc-4.4.2-1/usr/bin/mips-linux-gcc'
CFLAGS=''
CPP='/opt/toolchains/uclibc-crosstools-gcc-4.4.2-1/usr/bin/mips-linux-gcc -E'
CPPFLAGS=''
CXX='g++'
CXXFLAGS='-g -O2'
CXX_OFF=''
CXX_ON='#'
DEFS='-DHAVE_CONFIG_H'
ECHO_C=''
ECHO_N='-n'
ECHO_T=''
EGREP='grep -E'
EXEEXT=''
HAVE_PTHREADS_H='0'
HAVE_PTHREAD_H='1'
HAVE_SIGNAL_H='1'
HAVE_STDARG_H='1'
HAVE_STDLIB_H='1'
HAVE_STRING_H='1'
HAVE_SYS_CYGWIN_H='0'
HAVE_SYS_MMAN_H='1'
HAVE_SYS_TYPES_H='1'
HAVE_UNISTD_H='1'
HAVE_W32API_WINBASE_H='0'
HAVE_W32API_WINDEF_H='0'
INSTALL_DATA='${INSTALL} -m 644'
INSTALL_PROGRAM='${INSTALL}'
INSTALL_SCRIPT='${INSTALL}'
LDFLAGS=''
LIBOBJS=''
LIBS=''
LTLIBOBJS=''
OBJEXT='o'
PACKAGE_BUGREPORT='http://dmalloc.com/'
PACKAGE_NAME='dmalloc'
PACKAGE_STRING='dmalloc 5.5.2'
PACKAGE_TARNAME='dmalloc'
PACKAGE_VERSION='5.5.2'
PATH_SEPARATOR=':'
RANLIB='ranlib'
SHELL='/bin/sh'
SL_OFF=''
SL_ON='#'
TH_OFF='#'
TH_ON=''
ac_ct_CC=''
ac_ct_CXX='g++'
ac_ct_RANLIB='ranlib'
bindir='${exec_prefix}/bin'
build_alias=''
datadir='${prefix}/share'
exec_prefix='${prefix}'
host_alias='mips-linux'
includedir='${prefix}/include'
infodir='${prefix}/info'
libdir='${exec_prefix}/lib'
libexecdir='${exec_prefix}/libexec'
localstatedir='${prefix}/var'
mandir='${prefix}/man'
oldincludedir='/usr/include'
prefix='/usr/local'
program_transform_name='s,x,x,'
sbindir='${exec_prefix}/sbin'
sharedstatedir='${prefix}/com'
shlibdir='${exec_prefix}/lib'
shlibext='so'
shlinkargs='ld -G -o $@.t'
sysconfdir='${prefix}/etc'
target_alias=''

## ----------- ##
## confdefs.h. ##
## ----------- ##

#define ABORT_OKAY 0
#define ALLOCATION_ALIGNMENT 8
#define BASIC_BLOCK 12
#define CONSTRUCTOR_WORKS 1
#define DESTRUCTOR_WORKS 1
#define DMALLOC_SIZE size_t
#define DMALLOC_SIZE_UNSIGNED 0
#define GETENV_SAFE 1
#define HAVE_ABORT 1
#define HAVE_ATEXIT 1
#define HAVE_ATOI 1
#define HAVE_ATOI 1
#define HAVE_ATOL 1
#define HAVE_ATOL 1
#define HAVE_BCMP 1
#define HAVE_BCOPY 1
#define HAVE_BZERO 1
#define HAVE_CTIME 1
#define HAVE_FORK 1
#define HAVE_GETENV 1
#define HAVE_GETENV 1
#define HAVE_GETENVIRONMENTVARIABLEA 1
#define HAVE_GETHOSTNAME 1
#define HAVE_GETPAGESIZE 1
#define HAVE_GETPID 1
#define HAVE_GETUID 1
#define HAVE_INDEX 1
#define HAVE_INTTYPES_H 1
#define HAVE_MEMALIGN 1
#define HAVE_MEMCCPY 1
#define HAVE_MEMCHR 1
#define HAVE_MEMCMP 1
#define HAVE_MEMCMP 1
#define HAVE_MEMCPY 1
#define HAVE_MEMCPY 1
#define HAVE_MEMMOVE 1
#define HAVE_MEMMOVE 1
#define HAVE_MEMORY_H 1
#define HAVE_MEMSET 1
#define HAVE_MEMSET 1
#define HAVE_MMAP 1
#define HAVE_MPROTECT 1
#define HAVE_ON_EXIT 1
#define HAVE_PTHREADS_H 0
#define HAVE_PTHREAD_H 1
#define HAVE_PTHREAD_MUTEX_INIT 1
#define HAVE_PTHREAD_MUTEX_LOCK 1
#define HAVE_PTHREAD_MUTEX_UNLOCK 1
#define HAVE_RINDEX 1
#define HAVE_SBRK 1
#define HAVE_SIGNAL_H 1
#define HAVE_SNPRINTF 1
#define HAVE_STDARG_H 1
#define HAVE_STDINT_H 1
#define HAVE_STDLIB_H 1
#define HAVE_STDLIB_H 1
#define HAVE_STRCASECMP 1
#define HAVE_STRCAT 1
#define HAVE_STRCHR 1
#define HAVE_STRCHR 1
#define HAVE_STRCHR 1
#define HAVE_STRCMP 1
#define HAVE_STRCMP 1
#define HAVE_STRCMP 1
#define HAVE_STRCPY 1
#define HAVE_STRCPY 1
#define HAVE_STRCPY 1
#define HAVE_STRCSPN 1
#define HAVE_STRINGS_H 1
#define HAVE_STRING_H 1
#define HAVE_STRING_H 1
#define HAVE_STRLEN 1
#define HAVE_STRLEN 1
#define HAVE_STRLEN 1
#define HAVE_STRNCASECMP 1
#define HAVE_STRNCAT 1
#define HAVE_STRNCMP 1
#define HAVE_STRNCMP 1
#define HAVE_STRNCPY 1
#define HAVE_STRNCPY 1
#define HAVE_STRPBRK 1
#define HAVE_STRRCHR 1
#define HAVE_STRRCHR 1
#define HAVE_STRSEP 1
#define HAVE_STRSEP 1
#define HAVE_STRSPN 1
#define HAVE_STRSTR 1
#define HAVE_STRTOK 1
#define HAVE_SYS_CYGWIN_H 0
#define HAVE_SYS_MMAN_H 1
#define HAVE_SYS_STAT_H 1
#define HAVE_SYS_TYPES_H 1
#define HAVE_SYS_TYPES_H 1
#define HAVE_TIME 1
#define HAVE_UNISTD_H 1
#define HAVE_UNISTD_H 1
#define HAVE_VALLOC 1
#define HAVE_VPRINTF 1
#define HAVE_VSNPRINTF 1
#define HAVE_W32API_WINBASE_H 0
#define HAVE_W32API_WINDEF_H 0
#define IDENT_WORKS 1
#define PACKAGE_BUGREPORT "http://dmalloc.com/"
#define PACKAGE_NAME "dmalloc"
#define PACKAGE_STRING "dmalloc 5.5.2"
#define PACKAGE_TARNAME "dmalloc"
#define PACKAGE_VERSION "5.5.2"
#define PROTECT_ALLOWED 1
#define RETSIGTYPE void
#define RETURN_MACROS_WORK 0
#define SIGNAL_OKAY 1
#define SIZEOF_LONG 4
#define STDC_HEADERS 1
#define THREAD_LOCK_INIT_VAL 0
#define THREAD_MUTEX_T pthread_mutex_t
#define USE_MMAP 0
#endif
#ifdef __cplusplus
extern "C" void exit (int) throw ();

configure: exit 0
